  RenderCLL.cpp
D:\Visualgo\Source\VisualgoVHAK\RenderCLL.cpp(51,24): warning C4244: 'initializing': conversion from 'float' to 'int', possible loss of data
D:\Visualgo\Source\VisualgoVHAK\RenderCLL.cpp(52,24): warning C4244: 'initializing': conversion from 'float' to 'int', possible loss of data
D:\Visualgo\Source\VisualgoVHAK\RenderCLL.cpp(53,28): warning C4244: 'initializing': conversion from 'float' to 'int', possible loss of data
D:\Visualgo\Source\VisualgoVHAK\RenderCLL.cpp(60,115): warning C4244: 'argument': conversion from 'float' to 'int', possible loss of data
D:\Visualgo\Source\VisualgoVHAK\RenderCLL.cpp(60,82): warning C4244: 'argument': conversion from 'float' to 'int', possible loss of data
D:\Visualgo\Source\VisualgoVHAK\RenderCLL.cpp(60,50): warning C4244: 'argument': conversion from 'float' to 'int', possible loss of data
D:\Visualgo\Source\VisualgoVHAK\RenderCLL.cpp(61,108): warning C4244: 'argument': conversion from 'float' to 'int', possible loss of data
D:\Visualgo\Source\VisualgoVHAK\RenderCLL.cpp(61,75): warning C4244: 'argument': conversion from 'float' to 'int', possible loss of data
D:\Visualgo\Source\VisualgoVHAK\RenderCLL.cpp(61,45): warning C4244: 'argument': conversion from 'float' to 'int', possible loss of data
D:\Visualgo\Source\VisualgoVHAK\RenderCLL.cpp(62,105): warning C4244: 'argument': conversion from 'float' to 'int', possible loss of data
D:\Visualgo\Source\VisualgoVHAK\RenderCLL.cpp(62,80): warning C4244: 'argument': conversion from 'float' to 'int', possible loss of data
D:\Visualgo\Source\VisualgoVHAK\RenderCLL.cpp(62,42): warning C4244: 'argument': conversion from 'float' to 'int', possible loss of data
D:\Visualgo\Source\VisualgoVHAK\RenderCLL.cpp(127,28): warning C4244: 'initializing': conversion from 'float' to 'int', possible loss of data
D:\Visualgo\Source\VisualgoVHAK\RenderCLL.cpp(128,28): warning C4244: 'initializing': conversion from 'float' to 'int', possible loss of data
D:\Visualgo\Source\VisualgoVHAK\RenderCLL.cpp(129,32): warning C4244: 'initializing': conversion from 'float' to 'int', possible loss of data
D:\Visualgo\Source\VisualgoVHAK\RenderCLL.cpp(135,119): warning C4244: 'argument': conversion from 'float' to 'int', possible loss of data
D:\Visualgo\Source\VisualgoVHAK\RenderCLL.cpp(135,86): warning C4244: 'argument': conversion from 'float' to 'int', possible loss of data
D:\Visualgo\Source\VisualgoVHAK\RenderCLL.cpp(135,54): warning C4244: 'argument': conversion from 'float' to 'int', possible loss of data
D:\Visualgo\Source\VisualgoVHAK\RenderCLL.cpp(136,112): warning C4244: 'argument': conversion from 'float' to 'int', possible loss of data
D:\Visualgo\Source\VisualgoVHAK\RenderCLL.cpp(136,79): warning C4244: 'argument': conversion from 'float' to 'int', possible loss of data
D:\Visualgo\Source\VisualgoVHAK\RenderCLL.cpp(136,49): warning C4244: 'argument': conversion from 'float' to 'int', possible loss of data
D:\Visualgo\Source\VisualgoVHAK\RenderCLL.cpp(137,109): warning C4244: 'argument': conversion from 'float' to 'int', possible loss of data
D:\Visualgo\Source\VisualgoVHAK\RenderCLL.cpp(137,84): warning C4244: 'argument': conversion from 'float' to 'int', possible loss of data
D:\Visualgo\Source\VisualgoVHAK\RenderCLL.cpp(137,46): warning C4244: 'argument': conversion from 'float' to 'int', possible loss of data
D:\Visualgo\Source\VisualgoVHAK\RenderCLL.cpp(161,24): warning C4244: 'initializing': conversion from 'float' to 'int', possible loss of data
D:\Visualgo\Source\VisualgoVHAK\RenderCLL.cpp(162,24): warning C4244: 'initializing': conversion from 'float' to 'int', possible loss of data
D:\Visualgo\Source\VisualgoVHAK\RenderCLL.cpp(163,28): warning C4244: 'initializing': conversion from 'float' to 'int', possible loss of data
D:\Visualgo\Source\VisualgoVHAK\RenderCLL.cpp(170,115): warning C4244: 'argument': conversion from 'float' to 'int', possible loss of data
D:\Visualgo\Source\VisualgoVHAK\RenderCLL.cpp(170,82): warning C4244: 'argument': conversion from 'float' to 'int', possible loss of data
D:\Visualgo\Source\VisualgoVHAK\RenderCLL.cpp(170,50): warning C4244: 'argument': conversion from 'float' to 'int', possible loss of data
D:\Visualgo\Source\VisualgoVHAK\RenderCLL.cpp(171,108): warning C4244: 'argument': conversion from 'float' to 'int', possible loss of data
D:\Visualgo\Source\VisualgoVHAK\RenderCLL.cpp(171,75): warning C4244: 'argument': conversion from 'float' to 'int', possible loss of data
D:\Visualgo\Source\VisualgoVHAK\RenderCLL.cpp(171,45): warning C4244: 'argument': conversion from 'float' to 'int', possible loss of data
D:\Visualgo\Source\VisualgoVHAK\RenderCLL.cpp(172,105): warning C4244: 'argument': conversion from 'float' to 'int', possible loss of data
D:\Visualgo\Source\VisualgoVHAK\RenderCLL.cpp(172,80): warning C4244: 'argument': conversion from 'float' to 'int', possible loss of data
D:\Visualgo\Source\VisualgoVHAK\RenderCLL.cpp(172,42): warning C4244: 'argument': conversion from 'float' to 'int', possible loss of data
D:\Visualgo\Source\VisualgoVHAK\RenderCLL.cpp(190,24): warning C4244: 'initializing': conversion from 'float' to 'int', possible loss of data
D:\Visualgo\Source\VisualgoVHAK\RenderCLL.cpp(191,24): warning C4244: 'initializing': conversion from 'float' to 'int', possible loss of data
D:\Visualgo\Source\VisualgoVHAK\RenderCLL.cpp(192,28): warning C4244: 'initializing': conversion from 'float' to 'int', possible loss of data
D:\Visualgo\Source\VisualgoVHAK\RenderCLL.cpp(199,115): warning C4244: 'argument': conversion from 'float' to 'int', possible loss of data
D:\Visualgo\Source\VisualgoVHAK\RenderCLL.cpp(199,82): warning C4244: 'argument': conversion from 'float' to 'int', possible loss of data
D:\Visualgo\Source\VisualgoVHAK\RenderCLL.cpp(199,50): warning C4244: 'argument': conversion from 'float' to 'int', possible loss of data
D:\Visualgo\Source\VisualgoVHAK\RenderCLL.cpp(200,108): warning C4244: 'argument': conversion from 'float' to 'int', possible loss of data
D:\Visualgo\Source\VisualgoVHAK\RenderCLL.cpp(200,75): warning C4244: 'argument': conversion from 'float' to 'int', possible loss of data
D:\Visualgo\Source\VisualgoVHAK\RenderCLL.cpp(200,45): warning C4244: 'argument': conversion from 'float' to 'int', possible loss of data
D:\Visualgo\Source\VisualgoVHAK\RenderCLL.cpp(201,105): warning C4244: 'argument': conversion from 'float' to 'int', possible loss of data
D:\Visualgo\Source\VisualgoVHAK\RenderCLL.cpp(201,80): warning C4244: 'argument': conversion from 'float' to 'int', possible loss of data
D:\Visualgo\Source\VisualgoVHAK\RenderCLL.cpp(201,42): warning C4244: 'argument': conversion from 'float' to 'int', possible loss of data
D:\Visualgo\Source\VisualgoVHAK\RenderCLL.cpp(203,77): warning C4244: 'argument': conversion from 'float' to 'int', possible loss of data
D:\Visualgo\Source\VisualgoVHAK\RenderCLL.cpp(203,51): warning C4244: 'argument': conversion from 'float' to 'int', possible loss of data
D:\Visualgo\Source\VisualgoVHAK\RenderCLL.cpp(203,37): warning C4244: 'argument': conversion from 'float' to 'int', possible loss of data
D:\Visualgo\Source\VisualgoVHAK\RenderCLL.cpp(222,24): warning C4244: 'initializing': conversion from 'float' to 'int', possible loss of data
D:\Visualgo\Source\VisualgoVHAK\RenderCLL.cpp(223,24): warning C4244: 'initializing': conversion from 'float' to 'int', possible loss of data
D:\Visualgo\Source\VisualgoVHAK\RenderCLL.cpp(224,28): warning C4244: 'initializing': conversion from 'float' to 'int', possible loss of data
D:\Visualgo\Source\VisualgoVHAK\RenderCLL.cpp(231,115): warning C4244: 'argument': conversion from 'float' to 'int', possible loss of data
D:\Visualgo\Source\VisualgoVHAK\RenderCLL.cpp(231,82): warning C4244: 'argument': conversion from 'float' to 'int', possible loss of data
D:\Visualgo\Source\VisualgoVHAK\RenderCLL.cpp(231,50): warning C4244: 'argument': conversion from 'float' to 'int', possible loss of data
D:\Visualgo\Source\VisualgoVHAK\RenderCLL.cpp(232,108): warning C4244: 'argument': conversion from 'float' to 'int', possible loss of data
D:\Visualgo\Source\VisualgoVHAK\RenderCLL.cpp(232,75): warning C4244: 'argument': conversion from 'float' to 'int', possible loss of data
D:\Visualgo\Source\VisualgoVHAK\RenderCLL.cpp(232,45): warning C4244: 'argument': conversion from 'float' to 'int', possible loss of data
D:\Visualgo\Source\VisualgoVHAK\RenderCLL.cpp(233,105): warning C4244: 'argument': conversion from 'float' to 'int', possible loss of data
D:\Visualgo\Source\VisualgoVHAK\RenderCLL.cpp(233,80): warning C4244: 'argument': conversion from 'float' to 'int', possible loss of data
D:\Visualgo\Source\VisualgoVHAK\RenderCLL.cpp(233,42): warning C4244: 'argument': conversion from 'float' to 'int', possible loss of data
D:\Visualgo\Source\VisualgoVHAK\RenderCLL.cpp(235,79): warning C4244: 'argument': conversion from 'float' to 'int', possible loss of data
D:\Visualgo\Source\VisualgoVHAK\RenderCLL.cpp(235,53): warning C4244: 'argument': conversion from 'float' to 'int', possible loss of data
D:\Visualgo\Source\VisualgoVHAK\RenderCLL.cpp(235,37): warning C4244: 'argument': conversion from 'float' to 'int', possible loss of data
D:\Visualgo\Source\VisualgoVHAK\RenderCLL.cpp(322,52): warning C4267: '=': conversion from 'size_t' to 'int', possible loss of data
D:\Visualgo\Source\VisualgoVHAK\RenderCLL.cpp(347,28): warning C4244: 'initializing': conversion from 'float' to 'int', possible loss of data
D:\Visualgo\Source\VisualgoVHAK\RenderCLL.cpp(348,28): warning C4244: 'initializing': conversion from 'float' to 'int', possible loss of data
D:\Visualgo\Source\VisualgoVHAK\RenderCLL.cpp(349,32): warning C4244: 'initializing': conversion from 'float' to 'int', possible loss of data
D:\Visualgo\Source\VisualgoVHAK\RenderCLL.cpp(372,28): warning C4244: 'initializing': conversion from 'float' to 'int', possible loss of data
D:\Visualgo\Source\VisualgoVHAK\RenderCLL.cpp(373,28): warning C4244: 'initializing': conversion from 'float' to 'int', possible loss of data
D:\Visualgo\Source\VisualgoVHAK\RenderCLL.cpp(374,32): warning C4244: 'initializing': conversion from 'float' to 'int', possible loss of data
D:\Visualgo\Source\VisualgoVHAK\RenderCLL.cpp(393,123): warning C4244: 'argument': conversion from 'float' to 'int', possible loss of data
D:\Visualgo\Source\VisualgoVHAK\RenderCLL.cpp(393,90): warning C4244: 'argument': conversion from 'float' to 'int', possible loss of data
D:\Visualgo\Source\VisualgoVHAK\RenderCLL.cpp(393,58): warning C4244: 'argument': conversion from 'float' to 'int', possible loss of data
D:\Visualgo\Source\VisualgoVHAK\RenderCLL.cpp(394,116): warning C4244: 'argument': conversion from 'float' to 'int', possible loss of data
D:\Visualgo\Source\VisualgoVHAK\RenderCLL.cpp(394,83): warning C4244: 'argument': conversion from 'float' to 'int', possible loss of data
D:\Visualgo\Source\VisualgoVHAK\RenderCLL.cpp(394,53): warning C4244: 'argument': conversion from 'float' to 'int', possible loss of data
D:\Visualgo\Source\VisualgoVHAK\RenderCLL.cpp(395,113): warning C4244: 'argument': conversion from 'float' to 'int', possible loss of data
D:\Visualgo\Source\VisualgoVHAK\RenderCLL.cpp(395,88): warning C4244: 'argument': conversion from 'float' to 'int', possible loss of data
D:\Visualgo\Source\VisualgoVHAK\RenderCLL.cpp(395,50): warning C4244: 'argument': conversion from 'float' to 'int', possible loss of data
D:\Visualgo\Source\VisualgoVHAK\RenderCLL.cpp(402,28): warning C4244: 'initializing': conversion from 'float' to 'int', possible loss of data
D:\Visualgo\Source\VisualgoVHAK\RenderCLL.cpp(403,28): warning C4244: 'initializing': conversion from 'float' to 'int', possible loss of data
D:\Visualgo\Source\VisualgoVHAK\RenderCLL.cpp(404,32): warning C4244: 'initializing': conversion from 'float' to 'int', possible loss of data
D:\Visualgo\Source\VisualgoVHAK\RenderCLL.cpp(422,123): warning C4244: 'argument': conversion from 'float' to 'int', possible loss of data
D:\Visualgo\Source\VisualgoVHAK\RenderCLL.cpp(422,90): warning C4244: 'argument': conversion from 'float' to 'int', possible loss of data
D:\Visualgo\Source\VisualgoVHAK\RenderCLL.cpp(422,58): warning C4244: 'argument': conversion from 'float' to 'int', possible loss of data
D:\Visualgo\Source\VisualgoVHAK\RenderCLL.cpp(423,116): warning C4244: 'argument': conversion from 'float' to 'int', possible loss of data
D:\Visualgo\Source\VisualgoVHAK\RenderCLL.cpp(423,83): warning C4244: 'argument': conversion from 'float' to 'int', possible loss of data
D:\Visualgo\Source\VisualgoVHAK\RenderCLL.cpp(423,53): warning C4244: 'argument': conversion from 'float' to 'int', possible loss of data
D:\Visualgo\Source\VisualgoVHAK\RenderCLL.cpp(424,113): warning C4244: 'argument': conversion from 'float' to 'int', possible loss of data
D:\Visualgo\Source\VisualgoVHAK\RenderCLL.cpp(424,88): warning C4244: 'argument': conversion from 'float' to 'int', possible loss of data
D:\Visualgo\Source\VisualgoVHAK\RenderCLL.cpp(424,50): warning C4244: 'argument': conversion from 'float' to 'int', possible loss of data
D:\Visualgo\Source\VisualgoVHAK\RenderCLL.cpp(432,28): warning C4244: 'initializing': conversion from 'float' to 'int', possible loss of data
D:\Visualgo\Source\VisualgoVHAK\RenderCLL.cpp(433,28): warning C4244: 'initializing': conversion from 'float' to 'int', possible loss of data
D:\Visualgo\Source\VisualgoVHAK\RenderCLL.cpp(434,32): warning C4244: 'initializing': conversion from 'float' to 'int', possible loss of data
D:\Visualgo\Source\VisualgoVHAK\RenderCLL.cpp(451,87): warning C4244: 'argument': conversion from 'float' to 'int', possible loss of data
D:\Visualgo\Source\VisualgoVHAK\RenderCLL.cpp(451,61): warning C4244: 'argument': conversion from 'float' to 'int', possible loss of data
D:\Visualgo\Source\VisualgoVHAK\RenderCLL.cpp(451,45): warning C4244: 'argument': conversion from 'float' to 'int', possible loss of data
D:\Visualgo\Source\VisualgoVHAK\RenderCLL.cpp(454,123): warning C4244: 'argument': conversion from 'float' to 'int', possible loss of data
D:\Visualgo\Source\VisualgoVHAK\RenderCLL.cpp(454,90): warning C4244: 'argument': conversion from 'float' to 'int', possible loss of data
D:\Visualgo\Source\VisualgoVHAK\RenderCLL.cpp(454,58): warning C4244: 'argument': conversion from 'float' to 'int', possible loss of data
D:\Visualgo\Source\VisualgoVHAK\RenderCLL.cpp(455,116): warning C4244: 'argument': conversion from 'float' to 'int', possible loss of data
D:\Visualgo\Source\VisualgoVHAK\RenderCLL.cpp(455,83): warning C4244: 'argument': conversion from 'float' to 'int', possible loss of data
D:\Visualgo\Source\VisualgoVHAK\RenderCLL.cpp(455,53): warning C4244: 'argument': conversion from 'float' to 'int', possible loss of data
D:\Visualgo\Source\VisualgoVHAK\RenderCLL.cpp(456,113): warning C4244: 'argument': conversion from 'float' to 'int', possible loss of data
D:\Visualgo\Source\VisualgoVHAK\RenderCLL.cpp(456,88): warning C4244: 'argument': conversion from 'float' to 'int', possible loss of data
D:\Visualgo\Source\VisualgoVHAK\RenderCLL.cpp(456,50): warning C4244: 'argument': conversion from 'float' to 'int', possible loss of data
D:\Visualgo\Source\VisualgoVHAK\RenderCLL.cpp(463,28): warning C4244: 'initializing': conversion from 'float' to 'int', possible loss of data
D:\Visualgo\Source\VisualgoVHAK\RenderCLL.cpp(464,28): warning C4244: 'initializing': conversion from 'float' to 'int', possible loss of data
D:\Visualgo\Source\VisualgoVHAK\RenderCLL.cpp(465,32): warning C4244: 'initializing': conversion from 'float' to 'int', possible loss of data
D:\Visualgo\Source\VisualgoVHAK\RenderCLL.cpp(483,87): warning C4244: 'argument': conversion from 'float' to 'int', possible loss of data
D:\Visualgo\Source\VisualgoVHAK\RenderCLL.cpp(483,61): warning C4244: 'argument': conversion from 'float' to 'int', possible loss of data
D:\Visualgo\Source\VisualgoVHAK\RenderCLL.cpp(483,45): warning C4244: 'argument': conversion from 'float' to 'int', possible loss of data
D:\Visualgo\Source\VisualgoVHAK\RenderCLL.cpp(486,123): warning C4244: 'argument': conversion from 'float' to 'int', possible loss of data
D:\Visualgo\Source\VisualgoVHAK\RenderCLL.cpp(486,90): warning C4244: 'argument': conversion from 'float' to 'int', possible loss of data
D:\Visualgo\Source\VisualgoVHAK\RenderCLL.cpp(486,58): warning C4244: 'argument': conversion from 'float' to 'int', possible loss of data
D:\Visualgo\Source\VisualgoVHAK\RenderCLL.cpp(487,116): warning C4244: 'argument': conversion from 'float' to 'int', possible loss of data
D:\Visualgo\Source\VisualgoVHAK\RenderCLL.cpp(487,83): warning C4244: 'argument': conversion from 'float' to 'int', possible loss of data
D:\Visualgo\Source\VisualgoVHAK\RenderCLL.cpp(487,53): warning C4244: 'argument': conversion from 'float' to 'int', possible loss of data
D:\Visualgo\Source\VisualgoVHAK\RenderCLL.cpp(488,113): warning C4244: 'argument': conversion from 'float' to 'int', possible loss of data
D:\Visualgo\Source\VisualgoVHAK\RenderCLL.cpp(488,88): warning C4244: 'argument': conversion from 'float' to 'int', possible loss of data
D:\Visualgo\Source\VisualgoVHAK\RenderCLL.cpp(488,50): warning C4244: 'argument': conversion from 'float' to 'int', possible loss of data
D:\Visualgo\Source\VisualgoVHAK\RenderCLL.cpp(496,28): warning C4244: 'initializing': conversion from 'float' to 'int', possible loss of data
D:\Visualgo\Source\VisualgoVHAK\RenderCLL.cpp(497,28): warning C4244: 'initializing': conversion from 'float' to 'int', possible loss of data
D:\Visualgo\Source\VisualgoVHAK\RenderCLL.cpp(498,32): warning C4244: 'initializing': conversion from 'float' to 'int', possible loss of data
D:\Visualgo\Source\VisualgoVHAK\RenderCLL.cpp(569,28): warning C4244: 'initializing': conversion from 'float' to 'int', possible loss of data
D:\Visualgo\Source\VisualgoVHAK\RenderCLL.cpp(570,28): warning C4244: 'initializing': conversion from 'float' to 'int', possible loss of data
D:\Visualgo\Source\VisualgoVHAK\RenderCLL.cpp(571,32): warning C4244: 'initializing': conversion from 'float' to 'int', possible loss of data
D:\Visualgo\Source\VisualgoVHAK\RenderCLL.cpp(577,119): warning C4244: 'argument': conversion from 'float' to 'int', possible loss of data
D:\Visualgo\Source\VisualgoVHAK\RenderCLL.cpp(577,86): warning C4244: 'argument': conversion from 'float' to 'int', possible loss of data
D:\Visualgo\Source\VisualgoVHAK\RenderCLL.cpp(577,54): warning C4244: 'argument': conversion from 'float' to 'int', possible loss of data
D:\Visualgo\Source\VisualgoVHAK\RenderCLL.cpp(578,112): warning C4244: 'argument': conversion from 'float' to 'int', possible loss of data
D:\Visualgo\Source\VisualgoVHAK\RenderCLL.cpp(578,79): warning C4244: 'argument': conversion from 'float' to 'int', possible loss of data
D:\Visualgo\Source\VisualgoVHAK\RenderCLL.cpp(578,49): warning C4244: 'argument': conversion from 'float' to 'int', possible loss of data
D:\Visualgo\Source\VisualgoVHAK\RenderCLL.cpp(579,109): warning C4244: 'argument': conversion from 'float' to 'int', possible loss of data
D:\Visualgo\Source\VisualgoVHAK\RenderCLL.cpp(579,84): warning C4244: 'argument': conversion from 'float' to 'int', possible loss of data
D:\Visualgo\Source\VisualgoVHAK\RenderCLL.cpp(579,46): warning C4244: 'argument': conversion from 'float' to 'int', possible loss of data
D:\Visualgo\Source\VisualgoVHAK\RenderCLL.cpp(603,24): warning C4244: 'initializing': conversion from 'float' to 'int', possible loss of data
D:\Visualgo\Source\VisualgoVHAK\RenderCLL.cpp(604,24): warning C4244: 'initializing': conversion from 'float' to 'int', possible loss of data
D:\Visualgo\Source\VisualgoVHAK\RenderCLL.cpp(605,28): warning C4244: 'initializing': conversion from 'float' to 'int', possible loss of data
D:\Visualgo\Source\VisualgoVHAK\RenderCLL.cpp(612,115): warning C4244: 'argument': conversion from 'float' to 'int', possible loss of data
D:\Visualgo\Source\VisualgoVHAK\RenderCLL.cpp(612,82): warning C4244: 'argument': conversion from 'float' to 'int', possible loss of data
D:\Visualgo\Source\VisualgoVHAK\RenderCLL.cpp(612,50): warning C4244: 'argument': conversion from 'float' to 'int', possible loss of data
D:\Visualgo\Source\VisualgoVHAK\RenderCLL.cpp(613,108): warning C4244: 'argument': conversion from 'float' to 'int', possible loss of data
D:\Visualgo\Source\VisualgoVHAK\RenderCLL.cpp(613,75): warning C4244: 'argument': conversion from 'float' to 'int', possible loss of data
D:\Visualgo\Source\VisualgoVHAK\RenderCLL.cpp(613,45): warning C4244: 'argument': conversion from 'float' to 'int', possible loss of data
D:\Visualgo\Source\VisualgoVHAK\RenderCLL.cpp(614,105): warning C4244: 'argument': conversion from 'float' to 'int', possible loss of data
D:\Visualgo\Source\VisualgoVHAK\RenderCLL.cpp(614,80): warning C4244: 'argument': conversion from 'float' to 'int', possible loss of data
D:\Visualgo\Source\VisualgoVHAK\RenderCLL.cpp(614,42): warning C4244: 'argument': conversion from 'float' to 'int', possible loss of data
D:\Visualgo\Source\VisualgoVHAK\RenderCLL.cpp(632,24): warning C4244: 'initializing': conversion from 'float' to 'int', possible loss of data
D:\Visualgo\Source\VisualgoVHAK\RenderCLL.cpp(633,24): warning C4244: 'initializing': conversion from 'float' to 'int', possible loss of data
D:\Visualgo\Source\VisualgoVHAK\RenderCLL.cpp(634,28): warning C4244: 'initializing': conversion from 'float' to 'int', possible loss of data
D:\Visualgo\Source\VisualgoVHAK\RenderCLL.cpp(641,115): warning C4244: 'argument': conversion from 'float' to 'int', possible loss of data
D:\Visualgo\Source\VisualgoVHAK\RenderCLL.cpp(641,82): warning C4244: 'argument': conversion from 'float' to 'int', possible loss of data
D:\Visualgo\Source\VisualgoVHAK\RenderCLL.cpp(641,50): warning C4244: 'argument': conversion from 'float' to 'int', possible loss of data
D:\Visualgo\Source\VisualgoVHAK\RenderCLL.cpp(642,108): warning C4244: 'argument': conversion from 'float' to 'int', possible loss of data
D:\Visualgo\Source\VisualgoVHAK\RenderCLL.cpp(642,75): warning C4244: 'argument': conversion from 'float' to 'int', possible loss of data
D:\Visualgo\Source\VisualgoVHAK\RenderCLL.cpp(642,45): warning C4244: 'argument': conversion from 'float' to 'int', possible loss of data
D:\Visualgo\Source\VisualgoVHAK\RenderCLL.cpp(643,105): warning C4244: 'argument': conversion from 'float' to 'int', possible loss of data
D:\Visualgo\Source\VisualgoVHAK\RenderCLL.cpp(643,80): warning C4244: 'argument': conversion from 'float' to 'int', possible loss of data
D:\Visualgo\Source\VisualgoVHAK\RenderCLL.cpp(643,42): warning C4244: 'argument': conversion from 'float' to 'int', possible loss of data
D:\Visualgo\Source\VisualgoVHAK\RenderCLL.cpp(645,79): warning C4244: 'argument': conversion from 'float' to 'int', possible loss of data
D:\Visualgo\Source\VisualgoVHAK\RenderCLL.cpp(645,53): warning C4244: 'argument': conversion from 'float' to 'int', possible loss of data
D:\Visualgo\Source\VisualgoVHAK\RenderCLL.cpp(645,37): warning C4244: 'argument': conversion from 'float' to 'int', possible loss of data
D:\Visualgo\Source\VisualgoVHAK\RenderCLL.cpp(734,52): warning C4267: '=': conversion from 'size_t' to 'int', possible loss of data
D:\Visualgo\Source\VisualgoVHAK\RenderCLL.cpp(759,28): warning C4244: 'initializing': conversion from 'float' to 'int', possible loss of data
D:\Visualgo\Source\VisualgoVHAK\RenderCLL.cpp(760,28): warning C4244: 'initializing': conversion from 'float' to 'int', possible loss of data
D:\Visualgo\Source\VisualgoVHAK\RenderCLL.cpp(761,32): warning C4244: 'initializing': conversion from 'float' to 'int', possible loss of data
D:\Visualgo\Source\VisualgoVHAK\RenderCLL.cpp(784,28): warning C4244: 'initializing': conversion from 'float' to 'int', possible loss of data
D:\Visualgo\Source\VisualgoVHAK\RenderCLL.cpp(785,28): warning C4244: 'initializing': conversion from 'float' to 'int', possible loss of data
D:\Visualgo\Source\VisualgoVHAK\RenderCLL.cpp(786,32): warning C4244: 'initializing': conversion from 'float' to 'int', possible loss of data
D:\Visualgo\Source\VisualgoVHAK\RenderCLL.cpp(804,123): warning C4244: 'argument': conversion from 'float' to 'int', possible loss of data
D:\Visualgo\Source\VisualgoVHAK\RenderCLL.cpp(804,90): warning C4244: 'argument': conversion from 'float' to 'int', possible loss of data
D:\Visualgo\Source\VisualgoVHAK\RenderCLL.cpp(804,58): warning C4244: 'argument': conversion from 'float' to 'int', possible loss of data
D:\Visualgo\Source\VisualgoVHAK\RenderCLL.cpp(805,116): warning C4244: 'argument': conversion from 'float' to 'int', possible loss of data
D:\Visualgo\Source\VisualgoVHAK\RenderCLL.cpp(805,83): warning C4244: 'argument': conversion from 'float' to 'int', possible loss of data
D:\Visualgo\Source\VisualgoVHAK\RenderCLL.cpp(805,53): warning C4244: 'argument': conversion from 'float' to 'int', possible loss of data
D:\Visualgo\Source\VisualgoVHAK\RenderCLL.cpp(806,113): warning C4244: 'argument': conversion from 'float' to 'int', possible loss of data
D:\Visualgo\Source\VisualgoVHAK\RenderCLL.cpp(806,88): warning C4244: 'argument': conversion from 'float' to 'int', possible loss of data
D:\Visualgo\Source\VisualgoVHAK\RenderCLL.cpp(806,50): warning C4244: 'argument': conversion from 'float' to 'int', possible loss of data
D:\Visualgo\Source\VisualgoVHAK\RenderCLL.cpp(814,28): warning C4244: 'initializing': conversion from 'float' to 'int', possible loss of data
D:\Visualgo\Source\VisualgoVHAK\RenderCLL.cpp(815,28): warning C4244: 'initializing': conversion from 'float' to 'int', possible loss of data
D:\Visualgo\Source\VisualgoVHAK\RenderCLL.cpp(816,32): warning C4244: 'initializing': conversion from 'float' to 'int', possible loss of data
D:\Visualgo\Source\VisualgoVHAK\RenderCLL.cpp(834,123): warning C4244: 'argument': conversion from 'float' to 'int', possible loss of data
D:\Visualgo\Source\VisualgoVHAK\RenderCLL.cpp(834,90): warning C4244: 'argument': conversion from 'float' to 'int', possible loss of data
D:\Visualgo\Source\VisualgoVHAK\RenderCLL.cpp(834,58): warning C4244: 'argument': conversion from 'float' to 'int', possible loss of data
D:\Visualgo\Source\VisualgoVHAK\RenderCLL.cpp(835,116): warning C4244: 'argument': conversion from 'float' to 'int', possible loss of data
D:\Visualgo\Source\VisualgoVHAK\RenderCLL.cpp(835,83): warning C4244: 'argument': conversion from 'float' to 'int', possible loss of data
D:\Visualgo\Source\VisualgoVHAK\RenderCLL.cpp(835,53): warning C4244: 'argument': conversion from 'float' to 'int', possible loss of data
D:\Visualgo\Source\VisualgoVHAK\RenderCLL.cpp(836,113): warning C4244: 'argument': conversion from 'float' to 'int', possible loss of data
D:\Visualgo\Source\VisualgoVHAK\RenderCLL.cpp(836,88): warning C4244: 'argument': conversion from 'float' to 'int', possible loss of data
D:\Visualgo\Source\VisualgoVHAK\RenderCLL.cpp(836,50): warning C4244: 'argument': conversion from 'float' to 'int', possible loss of data
D:\Visualgo\Source\VisualgoVHAK\RenderCLL.cpp(844,28): warning C4244: 'initializing': conversion from 'float' to 'int', possible loss of data
D:\Visualgo\Source\VisualgoVHAK\RenderCLL.cpp(845,28): warning C4244: 'initializing': conversion from 'float' to 'int', possible loss of data
D:\Visualgo\Source\VisualgoVHAK\RenderCLL.cpp(846,32): warning C4244: 'initializing': conversion from 'float' to 'int', possible loss of data
D:\Visualgo\Source\VisualgoVHAK\RenderCLL.cpp(863,87): warning C4244: 'argument': conversion from 'float' to 'int', possible loss of data
D:\Visualgo\Source\VisualgoVHAK\RenderCLL.cpp(863,61): warning C4244: 'argument': conversion from 'float' to 'int', possible loss of data
D:\Visualgo\Source\VisualgoVHAK\RenderCLL.cpp(863,45): warning C4244: 'argument': conversion from 'float' to 'int', possible loss of data
D:\Visualgo\Source\VisualgoVHAK\RenderCLL.cpp(866,123): warning C4244: 'argument': conversion from 'float' to 'int', possible loss of data
D:\Visualgo\Source\VisualgoVHAK\RenderCLL.cpp(866,90): warning C4244: 'argument': conversion from 'float' to 'int', possible loss of data
D:\Visualgo\Source\VisualgoVHAK\RenderCLL.cpp(866,58): warning C4244: 'argument': conversion from 'float' to 'int', possible loss of data
D:\Visualgo\Source\VisualgoVHAK\RenderCLL.cpp(867,116): warning C4244: 'argument': conversion from 'float' to 'int', possible loss of data
D:\Visualgo\Source\VisualgoVHAK\RenderCLL.cpp(867,83): warning C4244: 'argument': conversion from 'float' to 'int', possible loss of data
D:\Visualgo\Source\VisualgoVHAK\RenderCLL.cpp(867,53): warning C4244: 'argument': conversion from 'float' to 'int', possible loss of data
D:\Visualgo\Source\VisualgoVHAK\RenderCLL.cpp(868,113): warning C4244: 'argument': conversion from 'float' to 'int', possible loss of data
D:\Visualgo\Source\VisualgoVHAK\RenderCLL.cpp(868,88): warning C4244: 'argument': conversion from 'float' to 'int', possible loss of data
D:\Visualgo\Source\VisualgoVHAK\RenderCLL.cpp(868,50): warning C4244: 'argument': conversion from 'float' to 'int', possible loss of data
D:\Visualgo\Source\VisualgoVHAK\RenderCLL.cpp(875,28): warning C4244: 'initializing': conversion from 'float' to 'int', possible loss of data
D:\Visualgo\Source\VisualgoVHAK\RenderCLL.cpp(876,28): warning C4244: 'initializing': conversion from 'float' to 'int', possible loss of data
D:\Visualgo\Source\VisualgoVHAK\RenderCLL.cpp(877,32): warning C4244: 'initializing': conversion from 'float' to 'int', possible loss of data
D:\Visualgo\Source\VisualgoVHAK\RenderCLL.cpp(928,24): warning C4244: 'initializing': conversion from 'float' to 'int', possible loss of data
D:\Visualgo\Source\VisualgoVHAK\RenderCLL.cpp(929,24): warning C4244: 'initializing': conversion from 'float' to 'int', possible loss of data
D:\Visualgo\Source\VisualgoVHAK\RenderCLL.cpp(930,28): warning C4244: 'initializing': conversion from 'float' to 'int', possible loss of data
D:\Visualgo\Source\VisualgoVHAK\RenderCLL.cpp(967,28): warning C4244: 'initializing': conversion from 'float' to 'int', possible loss of data
D:\Visualgo\Source\VisualgoVHAK\RenderCLL.cpp(968,28): warning C4244: 'initializing': conversion from 'float' to 'int', possible loss of data
D:\Visualgo\Source\VisualgoVHAK\RenderCLL.cpp(969,32): warning C4244: 'initializing': conversion from 'float' to 'int', possible loss of data
D:\Visualgo\Source\VisualgoVHAK\RenderCLL.cpp(976,119): warning C4244: 'argument': conversion from 'float' to 'int', possible loss of data
D:\Visualgo\Source\VisualgoVHAK\RenderCLL.cpp(976,86): warning C4244: 'argument': conversion from 'float' to 'int', possible loss of data
D:\Visualgo\Source\VisualgoVHAK\RenderCLL.cpp(976,54): warning C4244: 'argument': conversion from 'float' to 'int', possible loss of data
D:\Visualgo\Source\VisualgoVHAK\RenderCLL.cpp(977,112): warning C4244: 'argument': conversion from 'float' to 'int', possible loss of data
D:\Visualgo\Source\VisualgoVHAK\RenderCLL.cpp(977,79): warning C4244: 'argument': conversion from 'float' to 'int', possible loss of data
D:\Visualgo\Source\VisualgoVHAK\RenderCLL.cpp(977,49): warning C4244: 'argument': conversion from 'float' to 'int', possible loss of data
D:\Visualgo\Source\VisualgoVHAK\RenderCLL.cpp(978,109): warning C4244: 'argument': conversion from 'float' to 'int', possible loss of data
D:\Visualgo\Source\VisualgoVHAK\RenderCLL.cpp(978,84): warning C4244: 'argument': conversion from 'float' to 'int', possible loss of data
D:\Visualgo\Source\VisualgoVHAK\RenderCLL.cpp(978,46): warning C4244: 'argument': conversion from 'float' to 'int', possible loss of data
D:\Visualgo\Source\VisualgoVHAK\RenderCLL.cpp(992,115): warning C4244: 'argument': conversion from 'float' to 'int', possible loss of data
D:\Visualgo\Source\VisualgoVHAK\RenderCLL.cpp(992,82): warning C4244: 'argument': conversion from 'float' to 'int', possible loss of data
D:\Visualgo\Source\VisualgoVHAK\RenderCLL.cpp(992,50): warning C4244: 'argument': conversion from 'float' to 'int', possible loss of data
D:\Visualgo\Source\VisualgoVHAK\RenderCLL.cpp(993,108): warning C4244: 'argument': conversion from 'float' to 'int', possible loss of data
D:\Visualgo\Source\VisualgoVHAK\RenderCLL.cpp(993,75): warning C4244: 'argument': conversion from 'float' to 'int', possible loss of data
D:\Visualgo\Source\VisualgoVHAK\RenderCLL.cpp(993,45): warning C4244: 'argument': conversion from 'float' to 'int', possible loss of data
D:\Visualgo\Source\VisualgoVHAK\RenderCLL.cpp(994,105): warning C4244: 'argument': conversion from 'float' to 'int', possible loss of data
D:\Visualgo\Source\VisualgoVHAK\RenderCLL.cpp(994,80): warning C4244: 'argument': conversion from 'float' to 'int', possible loss of data
D:\Visualgo\Source\VisualgoVHAK\RenderCLL.cpp(994,42): warning C4244: 'argument': conversion from 'float' to 'int', possible loss of data
D:\Visualgo\Source\VisualgoVHAK\RenderCLL.cpp(1001,24): warning C4244: 'initializing': conversion from 'float' to 'int', possible loss of data
D:\Visualgo\Source\VisualgoVHAK\RenderCLL.cpp(1002,24): warning C4244: 'initializing': conversion from 'float' to 'int', possible loss of data
D:\Visualgo\Source\VisualgoVHAK\RenderCLL.cpp(1003,28): warning C4244: 'initializing': conversion from 'float' to 'int', possible loss of data
D:\Visualgo\Source\VisualgoVHAK\RenderCLL.cpp(1008,104): warning C4244: 'argument': conversion from 'float' to 'int', possible loss of data
D:\Visualgo\Source\VisualgoVHAK\RenderCLL.cpp(1008,73): warning C4244: 'argument': conversion from 'float' to 'int', possible loss of data
D:\Visualgo\Source\VisualgoVHAK\RenderCLL.cpp(1008,51): warning C4244: 'argument': conversion from 'float' to 'int', possible loss of data
D:\Visualgo\Source\VisualgoVHAK\RenderCLL.cpp(1010,103): warning C4244: 'argument': conversion from 'float' to 'int', possible loss of data
D:\Visualgo\Source\VisualgoVHAK\RenderCLL.cpp(1010,68): warning C4244: 'argument': conversion from 'float' to 'int', possible loss of data
D:\Visualgo\Source\VisualgoVHAK\RenderCLL.cpp(1010,50): warning C4244: 'argument': conversion from 'float' to 'int', possible loss of data
D:\Visualgo\Source\VisualgoVHAK\RenderCLL.cpp(1011,85): warning C4244: 'argument': conversion from 'float' to 'int', possible loss of data
D:\Visualgo\Source\VisualgoVHAK\RenderCLL.cpp(1011,69): warning C4244: 'argument': conversion from 'float' to 'int', possible loss of data
D:\Visualgo\Source\VisualgoVHAK\RenderCLL.cpp(1011,57): warning C4244: 'argument': conversion from 'float' to 'int', possible loss of data
D:\Visualgo\Source\VisualgoVHAK\RenderCLL.cpp(1116,123): warning C4244: 'argument': conversion from 'float' to 'int', possible loss of data
D:\Visualgo\Source\VisualgoVHAK\RenderCLL.cpp(1116,90): warning C4244: 'argument': conversion from 'float' to 'int', possible loss of data
D:\Visualgo\Source\VisualgoVHAK\RenderCLL.cpp(1116,58): warning C4244: 'argument': conversion from 'float' to 'int', possible loss of data
D:\Visualgo\Source\VisualgoVHAK\RenderCLL.cpp(1117,116): warning C4244: 'argument': conversion from 'float' to 'int', possible loss of data
D:\Visualgo\Source\VisualgoVHAK\RenderCLL.cpp(1117,83): warning C4244: 'argument': conversion from 'float' to 'int', possible loss of data
D:\Visualgo\Source\VisualgoVHAK\RenderCLL.cpp(1117,53): warning C4244: 'argument': conversion from 'float' to 'int', possible loss of data
D:\Visualgo\Source\VisualgoVHAK\RenderCLL.cpp(1118,113): warning C4244: 'argument': conversion from 'float' to 'int', possible loss of data
D:\Visualgo\Source\VisualgoVHAK\RenderCLL.cpp(1118,88): warning C4244: 'argument': conversion from 'float' to 'int', possible loss of data
D:\Visualgo\Source\VisualgoVHAK\RenderCLL.cpp(1118,50): warning C4244: 'argument': conversion from 'float' to 'int', possible loss of data
D:\Visualgo\Source\VisualgoVHAK\RenderCLL.cpp(1125,28): warning C4244: 'initializing': conversion from 'float' to 'int', possible loss of data
D:\Visualgo\Source\VisualgoVHAK\RenderCLL.cpp(1126,28): warning C4244: 'initializing': conversion from 'float' to 'int', possible loss of data
D:\Visualgo\Source\VisualgoVHAK\RenderCLL.cpp(1127,32): warning C4244: 'initializing': conversion from 'float' to 'int', possible loss of data
D:\Visualgo\Source\VisualgoVHAK\RenderCLL.cpp(1148,123): warning C4244: 'argument': conversion from 'float' to 'int', possible loss of data
D:\Visualgo\Source\VisualgoVHAK\RenderCLL.cpp(1148,90): warning C4244: 'argument': conversion from 'float' to 'int', possible loss of data
D:\Visualgo\Source\VisualgoVHAK\RenderCLL.cpp(1148,58): warning C4244: 'argument': conversion from 'float' to 'int', possible loss of data
D:\Visualgo\Source\VisualgoVHAK\RenderCLL.cpp(1149,116): warning C4244: 'argument': conversion from 'float' to 'int', possible loss of data
D:\Visualgo\Source\VisualgoVHAK\RenderCLL.cpp(1149,83): warning C4244: 'argument': conversion from 'float' to 'int', possible loss of data
D:\Visualgo\Source\VisualgoVHAK\RenderCLL.cpp(1149,53): warning C4244: 'argument': conversion from 'float' to 'int', possible loss of data
D:\Visualgo\Source\VisualgoVHAK\RenderCLL.cpp(1150,113): warning C4244: 'argument': conversion from 'float' to 'int', possible loss of data
D:\Visualgo\Source\VisualgoVHAK\RenderCLL.cpp(1150,88): warning C4244: 'argument': conversion from 'float' to 'int', possible loss of data
D:\Visualgo\Source\VisualgoVHAK\RenderCLL.cpp(1150,50): warning C4244: 'argument': conversion from 'float' to 'int', possible loss of data
D:\Visualgo\Source\VisualgoVHAK\RenderCLL.cpp(1157,32): warning C4244: 'initializing': conversion from 'float' to 'int', possible loss of data
D:\Visualgo\Source\VisualgoVHAK\RenderCLL.cpp(1158,32): warning C4244: 'initializing': conversion from 'float' to 'int', possible loss of data
D:\Visualgo\Source\VisualgoVHAK\RenderCLL.cpp(1159,36): warning C4244: 'initializing': conversion from 'float' to 'int', possible loss of data
D:\Visualgo\Source\VisualgoVHAK\RenderCLL.cpp(1180,123): warning C4244: 'argument': conversion from 'float' to 'int', possible loss of data
D:\Visualgo\Source\VisualgoVHAK\RenderCLL.cpp(1180,90): warning C4244: 'argument': conversion from 'float' to 'int', possible loss of data
D:\Visualgo\Source\VisualgoVHAK\RenderCLL.cpp(1180,58): warning C4244: 'argument': conversion from 'float' to 'int', possible loss of data
D:\Visualgo\Source\VisualgoVHAK\RenderCLL.cpp(1181,116): warning C4244: 'argument': conversion from 'float' to 'int', possible loss of data
D:\Visualgo\Source\VisualgoVHAK\RenderCLL.cpp(1181,83): warning C4244: 'argument': conversion from 'float' to 'int', possible loss of data
D:\Visualgo\Source\VisualgoVHAK\RenderCLL.cpp(1181,53): warning C4244: 'argument': conversion from 'float' to 'int', possible loss of data
D:\Visualgo\Source\VisualgoVHAK\RenderCLL.cpp(1182,113): warning C4244: 'argument': conversion from 'float' to 'int', possible loss of data
D:\Visualgo\Source\VisualgoVHAK\RenderCLL.cpp(1182,88): warning C4244: 'argument': conversion from 'float' to 'int', possible loss of data
D:\Visualgo\Source\VisualgoVHAK\RenderCLL.cpp(1182,50): warning C4244: 'argument': conversion from 'float' to 'int', possible loss of data
D:\Visualgo\Source\VisualgoVHAK\RenderCLL.cpp(1192,32): warning C4244: 'initializing': conversion from 'float' to 'int', possible loss of data
D:\Visualgo\Source\VisualgoVHAK\RenderCLL.cpp(1193,32): warning C4244: 'initializing': conversion from 'float' to 'int', possible loss of data
D:\Visualgo\Source\VisualgoVHAK\RenderCLL.cpp(1194,36): warning C4244: 'initializing': conversion from 'float' to 'int', possible loss of data
D:\Visualgo\Source\VisualgoVHAK\RenderCLL.cpp(1199,112): warning C4244: 'argument': conversion from 'float' to 'int', possible loss of data
D:\Visualgo\Source\VisualgoVHAK\RenderCLL.cpp(1199,81): warning C4244: 'argument': conversion from 'float' to 'int', possible loss of data
D:\Visualgo\Source\VisualgoVHAK\RenderCLL.cpp(1199,59): warning C4244: 'argument': conversion from 'float' to 'int', possible loss of data
D:\Visualgo\Source\VisualgoVHAK\RenderCLL.cpp(1201,111): warning C4244: 'argument': conversion from 'float' to 'int', possible loss of data
D:\Visualgo\Source\VisualgoVHAK\RenderCLL.cpp(1201,76): warning C4244: 'argument': conversion from 'float' to 'int', possible loss of data
D:\Visualgo\Source\VisualgoVHAK\RenderCLL.cpp(1201,58): warning C4244: 'argument': conversion from 'float' to 'int', possible loss of data
D:\Visualgo\Source\VisualgoVHAK\RenderCLL.cpp(1202,93): warning C4244: 'argument': conversion from 'float' to 'int', possible loss of data
D:\Visualgo\Source\VisualgoVHAK\RenderCLL.cpp(1202,77): warning C4244: 'argument': conversion from 'float' to 'int', possible loss of data
D:\Visualgo\Source\VisualgoVHAK\RenderCLL.cpp(1202,65): warning C4244: 'argument': conversion from 'float' to 'int', possible loss of data
D:\Visualgo\Source\VisualgoVHAK\RenderCLL.cpp(1249,24): warning C4244: 'initializing': conversion from 'float' to 'int', possible loss of data
D:\Visualgo\Source\VisualgoVHAK\RenderCLL.cpp(1250,24): warning C4244: 'initializing': conversion from 'float' to 'int', possible loss of data
D:\Visualgo\Source\VisualgoVHAK\RenderCLL.cpp(1251,28): warning C4244: 'initializing': conversion from 'float' to 'int', possible loss of data
D:\Visualgo\Source\VisualgoVHAK\RenderCLL.cpp(1282,28): warning C4244: 'initializing': conversion from 'float' to 'int', possible loss of data
D:\Visualgo\Source\VisualgoVHAK\RenderCLL.cpp(1283,28): warning C4244: 'initializing': conversion from 'float' to 'int', possible loss of data
D:\Visualgo\Source\VisualgoVHAK\RenderCLL.cpp(1284,32): warning C4244: 'initializing': conversion from 'float' to 'int', possible loss of data
D:\Visualgo\Source\VisualgoVHAK\RenderCLL.cpp(1301,24): warning C4244: 'initializing': conversion from 'float' to 'int', possible loss of data
D:\Visualgo\Source\VisualgoVHAK\RenderCLL.cpp(1302,24): warning C4244: 'initializing': conversion from 'float' to 'int', possible loss of data
D:\Visualgo\Source\VisualgoVHAK\RenderCLL.cpp(1303,28): warning C4244: 'initializing': conversion from 'float' to 'int', possible loss of data
D:\Visualgo\Source\VisualgoVHAK\RenderCLL.cpp(1411,28): warning C4244: 'initializing': conversion from 'float' to 'int', possible loss of data
D:\Visualgo\Source\VisualgoVHAK\RenderCLL.cpp(1412,28): warning C4244: 'initializing': conversion from 'float' to 'int', possible loss of data
D:\Visualgo\Source\VisualgoVHAK\RenderCLL.cpp(1413,32): warning C4244: 'initializing': conversion from 'float' to 'int', possible loss of data
D:\Visualgo\Source\VisualgoVHAK\RenderCLL.cpp(1436,32): warning C4244: 'initializing': conversion from 'float' to 'int', possible loss of data
D:\Visualgo\Source\VisualgoVHAK\RenderCLL.cpp(1437,32): warning C4244: 'initializing': conversion from 'float' to 'int', possible loss of data
D:\Visualgo\Source\VisualgoVHAK\RenderCLL.cpp(1438,36): warning C4244: 'initializing': conversion from 'float' to 'int', possible loss of data
D:\Visualgo\Source\VisualgoVHAK\RenderCLL.cpp(1489,24): warning C4244: 'initializing': conversion from 'float' to 'int', possible loss of data
D:\Visualgo\Source\VisualgoVHAK\RenderCLL.cpp(1490,24): warning C4244: 'initializing': conversion from 'float' to 'int', possible loss of data
D:\Visualgo\Source\VisualgoVHAK\RenderCLL.cpp(1491,28): warning C4244: 'initializing': conversion from 'float' to 'int', possible loss of data
D:\Visualgo\Source\VisualgoVHAK\RenderCLL.cpp(1519,28): warning C4244: 'initializing': conversion from 'float' to 'int', possible loss of data
D:\Visualgo\Source\VisualgoVHAK\RenderCLL.cpp(1520,28): warning C4244: 'initializing': conversion from 'float' to 'int', possible loss of data
D:\Visualgo\Source\VisualgoVHAK\RenderCLL.cpp(1521,32): warning C4244: 'initializing': conversion from 'float' to 'int', possible loss of data
D:\Visualgo\Source\VisualgoVHAK\RenderCLL.cpp(1528,119): warning C4244: 'argument': conversion from 'float' to 'int', possible loss of data
D:\Visualgo\Source\VisualgoVHAK\RenderCLL.cpp(1528,86): warning C4244: 'argument': conversion from 'float' to 'int', possible loss of data
D:\Visualgo\Source\VisualgoVHAK\RenderCLL.cpp(1528,54): warning C4244: 'argument': conversion from 'float' to 'int', possible loss of data
D:\Visualgo\Source\VisualgoVHAK\RenderCLL.cpp(1529,112): warning C4244: 'argument': conversion from 'float' to 'int', possible loss of data
D:\Visualgo\Source\VisualgoVHAK\RenderCLL.cpp(1529,79): warning C4244: 'argument': conversion from 'float' to 'int', possible loss of data
D:\Visualgo\Source\VisualgoVHAK\RenderCLL.cpp(1529,49): warning C4244: 'argument': conversion from 'float' to 'int', possible loss of data
D:\Visualgo\Source\VisualgoVHAK\RenderCLL.cpp(1530,109): warning C4244: 'argument': conversion from 'float' to 'int', possible loss of data
D:\Visualgo\Source\VisualgoVHAK\RenderCLL.cpp(1530,84): warning C4244: 'argument': conversion from 'float' to 'int', possible loss of data
D:\Visualgo\Source\VisualgoVHAK\RenderCLL.cpp(1530,46): warning C4244: 'argument': conversion from 'float' to 'int', possible loss of data
D:\Visualgo\Source\VisualgoVHAK\RenderCLL.cpp(1547,24): warning C4244: 'initializing': conversion from 'float' to 'int', possible loss of data
D:\Visualgo\Source\VisualgoVHAK\RenderCLL.cpp(1548,24): warning C4244: 'initializing': conversion from 'float' to 'int', possible loss of data
D:\Visualgo\Source\VisualgoVHAK\RenderCLL.cpp(1549,28): warning C4244: 'initializing': conversion from 'float' to 'int', possible loss of data
D:\Visualgo\Source\VisualgoVHAK\RenderCLL.cpp(1556,115): warning C4244: 'argument': conversion from 'float' to 'int', possible loss of data
D:\Visualgo\Source\VisualgoVHAK\RenderCLL.cpp(1556,82): warning C4244: 'argument': conversion from 'float' to 'int', possible loss of data
D:\Visualgo\Source\VisualgoVHAK\RenderCLL.cpp(1556,50): warning C4244: 'argument': conversion from 'float' to 'int', possible loss of data
D:\Visualgo\Source\VisualgoVHAK\RenderCLL.cpp(1557,108): warning C4244: 'argument': conversion from 'float' to 'int', possible loss of data
D:\Visualgo\Source\VisualgoVHAK\RenderCLL.cpp(1557,75): warning C4244: 'argument': conversion from 'float' to 'int', possible loss of data
D:\Visualgo\Source\VisualgoVHAK\RenderCLL.cpp(1557,45): warning C4244: 'argument': conversion from 'float' to 'int', possible loss of data
D:\Visualgo\Source\VisualgoVHAK\RenderCLL.cpp(1558,105): warning C4244: 'argument': conversion from 'float' to 'int', possible loss of data
D:\Visualgo\Source\VisualgoVHAK\RenderCLL.cpp(1558,80): warning C4244: 'argument': conversion from 'float' to 'int', possible loss of data
D:\Visualgo\Source\VisualgoVHAK\RenderCLL.cpp(1558,42): warning C4244: 'argument': conversion from 'float' to 'int', possible loss of data
D:\Visualgo\Source\VisualgoVHAK\RenderCLL.cpp(1577,24): warning C4244: 'initializing': conversion from 'float' to 'int', possible loss of data
D:\Visualgo\Source\VisualgoVHAK\RenderCLL.cpp(1578,24): warning C4244: 'initializing': conversion from 'float' to 'int', possible loss of data
D:\Visualgo\Source\VisualgoVHAK\RenderCLL.cpp(1579,28): warning C4244: 'initializing': conversion from 'float' to 'int', possible loss of data
D:\Visualgo\Source\VisualgoVHAK\RenderCLL.cpp(1586,115): warning C4244: 'argument': conversion from 'float' to 'int', possible loss of data
D:\Visualgo\Source\VisualgoVHAK\RenderCLL.cpp(1586,82): warning C4244: 'argument': conversion from 'float' to 'int', possible loss of data
D:\Visualgo\Source\VisualgoVHAK\RenderCLL.cpp(1586,50): warning C4244: 'argument': conversion from 'float' to 'int', possible loss of data
D:\Visualgo\Source\VisualgoVHAK\RenderCLL.cpp(1587,108): warning C4244: 'argument': conversion from 'float' to 'int', possible loss of data
D:\Visualgo\Source\VisualgoVHAK\RenderCLL.cpp(1587,75): warning C4244: 'argument': conversion from 'float' to 'int', possible loss of data
D:\Visualgo\Source\VisualgoVHAK\RenderCLL.cpp(1587,45): warning C4244: 'argument': conversion from 'float' to 'int', possible loss of data
D:\Visualgo\Source\VisualgoVHAK\RenderCLL.cpp(1588,105): warning C4244: 'argument': conversion from 'float' to 'int', possible loss of data
D:\Visualgo\Source\VisualgoVHAK\RenderCLL.cpp(1588,80): warning C4244: 'argument': conversion from 'float' to 'int', possible loss of data
D:\Visualgo\Source\VisualgoVHAK\RenderCLL.cpp(1588,42): warning C4244: 'argument': conversion from 'float' to 'int', possible loss of data
D:\Visualgo\Source\VisualgoVHAK\RenderCLL.cpp(1631,24): warning C4244: 'initializing': conversion from 'float' to 'int', possible loss of data
D:\Visualgo\Source\VisualgoVHAK\RenderCLL.cpp(1632,24): warning C4244: 'initializing': conversion from 'float' to 'int', possible loss of data
D:\Visualgo\Source\VisualgoVHAK\RenderCLL.cpp(1633,28): warning C4244: 'initializing': conversion from 'float' to 'int', possible loss of data
D:\Visualgo\Source\VisualgoVHAK\RenderCLL.cpp(1673,52): warning C4267: '=': conversion from 'size_t' to 'int', possible loss of data
D:\Visualgo\Source\VisualgoVHAK\RenderCLL.cpp(1697,28): warning C4244: 'initializing': conversion from 'float' to 'int', possible loss of data
D:\Visualgo\Source\VisualgoVHAK\RenderCLL.cpp(1698,28): warning C4244: 'initializing': conversion from 'float' to 'int', possible loss of data
D:\Visualgo\Source\VisualgoVHAK\RenderCLL.cpp(1699,32): warning C4244: 'initializing': conversion from 'float' to 'int', possible loss of data
D:\Visualgo\Source\VisualgoVHAK\RenderCLL.cpp(1705,123): warning C4244: 'argument': conversion from 'float' to 'int', possible loss of data
D:\Visualgo\Source\VisualgoVHAK\RenderCLL.cpp(1705,90): warning C4244: 'argument': conversion from 'float' to 'int', possible loss of data
D:\Visualgo\Source\VisualgoVHAK\RenderCLL.cpp(1705,58): warning C4244: 'argument': conversion from 'float' to 'int', possible loss of data
D:\Visualgo\Source\VisualgoVHAK\RenderCLL.cpp(1706,116): warning C4244: 'argument': conversion from 'float' to 'int', possible loss of data
D:\Visualgo\Source\VisualgoVHAK\RenderCLL.cpp(1706,83): warning C4244: 'argument': conversion from 'float' to 'int', possible loss of data
D:\Visualgo\Source\VisualgoVHAK\RenderCLL.cpp(1706,53): warning C4244: 'argument': conversion from 'float' to 'int', possible loss of data
D:\Visualgo\Source\VisualgoVHAK\RenderCLL.cpp(1707,113): warning C4244: 'argument': conversion from 'float' to 'int', possible loss of data
D:\Visualgo\Source\VisualgoVHAK\RenderCLL.cpp(1707,88): warning C4244: 'argument': conversion from 'float' to 'int', possible loss of data
D:\Visualgo\Source\VisualgoVHAK\RenderCLL.cpp(1707,50): warning C4244: 'argument': conversion from 'float' to 'int', possible loss of data
D:\Visualgo\Source\VisualgoVHAK\RenderCLL.cpp(1727,32): warning C4244: 'initializing': conversion from 'float' to 'int', possible loss of data
D:\Visualgo\Source\VisualgoVHAK\RenderCLL.cpp(1728,32): warning C4244: 'initializing': conversion from 'float' to 'int', possible loss of data
D:\Visualgo\Source\VisualgoVHAK\RenderCLL.cpp(1729,36): warning C4244: 'initializing': conversion from 'float' to 'int', possible loss of data
D:\Visualgo\Source\VisualgoVHAK\RenderCLL.cpp(1736,123): warning C4244: 'argument': conversion from 'float' to 'int', possible loss of data
D:\Visualgo\Source\VisualgoVHAK\RenderCLL.cpp(1736,90): warning C4244: 'argument': conversion from 'float' to 'int', possible loss of data
D:\Visualgo\Source\VisualgoVHAK\RenderCLL.cpp(1736,58): warning C4244: 'argument': conversion from 'float' to 'int', possible loss of data
D:\Visualgo\Source\VisualgoVHAK\RenderCLL.cpp(1737,116): warning C4244: 'argument': conversion from 'float' to 'int', possible loss of data
D:\Visualgo\Source\VisualgoVHAK\RenderCLL.cpp(1737,83): warning C4244: 'argument': conversion from 'float' to 'int', possible loss of data
D:\Visualgo\Source\VisualgoVHAK\RenderCLL.cpp(1737,53): warning C4244: 'argument': conversion from 'float' to 'int', possible loss of data
D:\Visualgo\Source\VisualgoVHAK\RenderCLL.cpp(1738,113): warning C4244: 'argument': conversion from 'float' to 'int', possible loss of data
D:\Visualgo\Source\VisualgoVHAK\RenderCLL.cpp(1738,88): warning C4244: 'argument': conversion from 'float' to 'int', possible loss of data
D:\Visualgo\Source\VisualgoVHAK\RenderCLL.cpp(1738,50): warning C4244: 'argument': conversion from 'float' to 'int', possible loss of data
D:\Visualgo\Source\VisualgoVHAK\RenderCLL.cpp(1763,32): warning C4244: 'initializing': conversion from 'float' to 'int', possible loss of data
D:\Visualgo\Source\VisualgoVHAK\RenderCLL.cpp(1764,32): warning C4244: 'initializing': conversion from 'float' to 'int', possible loss of data
D:\Visualgo\Source\VisualgoVHAK\RenderCLL.cpp(1765,36): warning C4244: 'initializing': conversion from 'float' to 'int', possible loss of data
D:\Visualgo\Source\VisualgoVHAK\RenderCLL.cpp(1772,123): warning C4244: 'argument': conversion from 'float' to 'int', possible loss of data
D:\Visualgo\Source\VisualgoVHAK\RenderCLL.cpp(1772,90): warning C4244: 'argument': conversion from 'float' to 'int', possible loss of data
D:\Visualgo\Source\VisualgoVHAK\RenderCLL.cpp(1772,58): warning C4244: 'argument': conversion from 'float' to 'int', possible loss of data
D:\Visualgo\Source\VisualgoVHAK\RenderCLL.cpp(1773,116): warning C4244: 'argument': conversion from 'float' to 'int', possible loss of data
D:\Visualgo\Source\VisualgoVHAK\RenderCLL.cpp(1773,83): warning C4244: 'argument': conversion from 'float' to 'int', possible loss of data
D:\Visualgo\Source\VisualgoVHAK\RenderCLL.cpp(1773,53): warning C4244: 'argument': conversion from 'float' to 'int', possible loss of data
D:\Visualgo\Source\VisualgoVHAK\RenderCLL.cpp(1774,113): warning C4244: 'argument': conversion from 'float' to 'int', possible loss of data
D:\Visualgo\Source\VisualgoVHAK\RenderCLL.cpp(1774,88): warning C4244: 'argument': conversion from 'float' to 'int', possible loss of data
D:\Visualgo\Source\VisualgoVHAK\RenderCLL.cpp(1774,50): warning C4244: 'argument': conversion from 'float' to 'int', possible loss of data
D:\Visualgo\Source\VisualgoVHAK\RenderCLL.cpp(1826,24): warning C4244: 'initializing': conversion from 'float' to 'int', possible loss of data
D:\Visualgo\Source\VisualgoVHAK\RenderCLL.cpp(1827,24): warning C4244: 'initializing': conversion from 'float' to 'int', possible loss of data
D:\Visualgo\Source\VisualgoVHAK\RenderCLL.cpp(1828,28): warning C4244: 'initializing': conversion from 'float' to 'int', possible loss of data
D:\Visualgo\Source\VisualgoVHAK\RenderCLL.cpp(1834,115): warning C4244: 'argument': conversion from 'float' to 'int', possible loss of data
D:\Visualgo\Source\VisualgoVHAK\RenderCLL.cpp(1834,82): warning C4244: 'argument': conversion from 'float' to 'int', possible loss of data
D:\Visualgo\Source\VisualgoVHAK\RenderCLL.cpp(1834,50): warning C4244: 'argument': conversion from 'float' to 'int', possible loss of data
D:\Visualgo\Source\VisualgoVHAK\RenderCLL.cpp(1835,108): warning C4244: 'argument': conversion from 'float' to 'int', possible loss of data
D:\Visualgo\Source\VisualgoVHAK\RenderCLL.cpp(1835,75): warning C4244: 'argument': conversion from 'float' to 'int', possible loss of data
D:\Visualgo\Source\VisualgoVHAK\RenderCLL.cpp(1835,45): warning C4244: 'argument': conversion from 'float' to 'int', possible loss of data
D:\Visualgo\Source\VisualgoVHAK\RenderCLL.cpp(1836,105): warning C4244: 'argument': conversion from 'float' to 'int', possible loss of data
D:\Visualgo\Source\VisualgoVHAK\RenderCLL.cpp(1836,80): warning C4244: 'argument': conversion from 'float' to 'int', possible loss of data
D:\Visualgo\Source\VisualgoVHAK\RenderCLL.cpp(1836,42): warning C4244: 'argument': conversion from 'float' to 'int', possible loss of data
D:\Visualgo\Source\VisualgoVHAK\RenderCLL.cpp(1867,28): warning C4244: 'initializing': conversion from 'float' to 'int', possible loss of data
D:\Visualgo\Source\VisualgoVHAK\RenderCLL.cpp(1868,28): warning C4244: 'initializing': conversion from 'float' to 'int', possible loss of data
D:\Visualgo\Source\VisualgoVHAK\RenderCLL.cpp(1869,32): warning C4244: 'initializing': conversion from 'float' to 'int', possible loss of data
D:\Visualgo\Source\VisualgoVHAK\RenderCLL.cpp(1875,119): warning C4244: 'argument': conversion from 'float' to 'int', possible loss of data
D:\Visualgo\Source\VisualgoVHAK\RenderCLL.cpp(1875,86): warning C4244: 'argument': conversion from 'float' to 'int', possible loss of data
D:\Visualgo\Source\VisualgoVHAK\RenderCLL.cpp(1875,54): warning C4244: 'argument': conversion from 'float' to 'int', possible loss of data
D:\Visualgo\Source\VisualgoVHAK\RenderCLL.cpp(1876,112): warning C4244: 'argument': conversion from 'float' to 'int', possible loss of data
D:\Visualgo\Source\VisualgoVHAK\RenderCLL.cpp(1876,79): warning C4244: 'argument': conversion from 'float' to 'int', possible loss of data
D:\Visualgo\Source\VisualgoVHAK\RenderCLL.cpp(1876,49): warning C4244: 'argument': conversion from 'float' to 'int', possible loss of data
D:\Visualgo\Source\VisualgoVHAK\RenderCLL.cpp(1877,109): warning C4244: 'argument': conversion from 'float' to 'int', possible loss of data
D:\Visualgo\Source\VisualgoVHAK\RenderCLL.cpp(1877,84): warning C4244: 'argument': conversion from 'float' to 'int', possible loss of data
D:\Visualgo\Source\VisualgoVHAK\RenderCLL.cpp(1877,46): warning C4244: 'argument': conversion from 'float' to 'int', possible loss of data
D:\Visualgo\Source\VisualgoVHAK\RenderCLL.cpp(1895,24): warning C4244: 'initializing': conversion from 'float' to 'int', possible loss of data
D:\Visualgo\Source\VisualgoVHAK\RenderCLL.cpp(1896,24): warning C4244: 'initializing': conversion from 'float' to 'int', possible loss of data
D:\Visualgo\Source\VisualgoVHAK\RenderCLL.cpp(1897,28): warning C4244: 'initializing': conversion from 'float' to 'int', possible loss of data
D:\Visualgo\Source\VisualgoVHAK\RenderCLL.cpp(1903,115): warning C4244: 'argument': conversion from 'float' to 'int', possible loss of data
D:\Visualgo\Source\VisualgoVHAK\RenderCLL.cpp(1903,82): warning C4244: 'argument': conversion from 'float' to 'int', possible loss of data
D:\Visualgo\Source\VisualgoVHAK\RenderCLL.cpp(1903,50): warning C4244: 'argument': conversion from 'float' to 'int', possible loss of data
D:\Visualgo\Source\VisualgoVHAK\RenderCLL.cpp(1904,108): warning C4244: 'argument': conversion from 'float' to 'int', possible loss of data
D:\Visualgo\Source\VisualgoVHAK\RenderCLL.cpp(1904,75): warning C4244: 'argument': conversion from 'float' to 'int', possible loss of data
D:\Visualgo\Source\VisualgoVHAK\RenderCLL.cpp(1904,45): warning C4244: 'argument': conversion from 'float' to 'int', possible loss of data
D:\Visualgo\Source\VisualgoVHAK\RenderCLL.cpp(1905,105): warning C4244: 'argument': conversion from 'float' to 'int', possible loss of data
D:\Visualgo\Source\VisualgoVHAK\RenderCLL.cpp(1905,80): warning C4244: 'argument': conversion from 'float' to 'int', possible loss of data
D:\Visualgo\Source\VisualgoVHAK\RenderCLL.cpp(1905,42): warning C4244: 'argument': conversion from 'float' to 'int', possible loss of data
D:\Visualgo\Source\VisualgoVHAK\RenderCLL.cpp(1906,117): warning C4244: 'argument': conversion from 'float' to 'int', possible loss of data
D:\Visualgo\Source\VisualgoVHAK\RenderCLL.cpp(1906,92): warning C4244: 'argument': conversion from 'float' to 'int', possible loss of data
D:\Visualgo\Source\VisualgoVHAK\RenderCLL.cpp(1906,52): warning C4244: 'argument': conversion from 'float' to 'int', possible loss of data
D:\Visualgo\Source\VisualgoVHAK\RenderCLL.cpp(1954,24): warning C4244: 'initializing': conversion from 'float' to 'int', possible loss of data
D:\Visualgo\Source\VisualgoVHAK\RenderCLL.cpp(1955,24): warning C4244: 'initializing': conversion from 'float' to 'int', possible loss of data
D:\Visualgo\Source\VisualgoVHAK\RenderCLL.cpp(1956,28): warning C4244: 'initializing': conversion from 'float' to 'int', possible loss of data
D:\Visualgo\Source\VisualgoVHAK\RenderCLL.cpp(1995,52): warning C4267: '=': conversion from 'size_t' to 'int', possible loss of data
D:\Visualgo\Source\VisualgoVHAK\RenderCLL.cpp(2019,28): warning C4244: 'initializing': conversion from 'float' to 'int', possible loss of data
D:\Visualgo\Source\VisualgoVHAK\RenderCLL.cpp(2020,28): warning C4244: 'initializing': conversion from 'float' to 'int', possible loss of data
D:\Visualgo\Source\VisualgoVHAK\RenderCLL.cpp(2021,32): warning C4244: 'initializing': conversion from 'float' to 'int', possible loss of data
D:\Visualgo\Source\VisualgoVHAK\RenderCLL.cpp(2027,123): warning C4244: 'argument': conversion from 'float' to 'int', possible loss of data
D:\Visualgo\Source\VisualgoVHAK\RenderCLL.cpp(2027,90): warning C4244: 'argument': conversion from 'float' to 'int', possible loss of data
D:\Visualgo\Source\VisualgoVHAK\RenderCLL.cpp(2027,58): warning C4244: 'argument': conversion from 'float' to 'int', possible loss of data
D:\Visualgo\Source\VisualgoVHAK\RenderCLL.cpp(2028,116): warning C4244: 'argument': conversion from 'float' to 'int', possible loss of data
D:\Visualgo\Source\VisualgoVHAK\RenderCLL.cpp(2028,83): warning C4244: 'argument': conversion from 'float' to 'int', possible loss of data
D:\Visualgo\Source\VisualgoVHAK\RenderCLL.cpp(2028,53): warning C4244: 'argument': conversion from 'float' to 'int', possible loss of data
D:\Visualgo\Source\VisualgoVHAK\RenderCLL.cpp(2029,113): warning C4244: 'argument': conversion from 'float' to 'int', possible loss of data
D:\Visualgo\Source\VisualgoVHAK\RenderCLL.cpp(2029,88): warning C4244: 'argument': conversion from 'float' to 'int', possible loss of data
D:\Visualgo\Source\VisualgoVHAK\RenderCLL.cpp(2029,50): warning C4244: 'argument': conversion from 'float' to 'int', possible loss of data
D:\Visualgo\Source\VisualgoVHAK\RenderCLL.cpp(2050,32): warning C4244: 'initializing': conversion from 'float' to 'int', possible loss of data
D:\Visualgo\Source\VisualgoVHAK\RenderCLL.cpp(2051,32): warning C4244: 'initializing': conversion from 'float' to 'int', possible loss of data
D:\Visualgo\Source\VisualgoVHAK\RenderCLL.cpp(2052,36): warning C4244: 'initializing': conversion from 'float' to 'int', possible loss of data
D:\Visualgo\Source\VisualgoVHAK\RenderCLL.cpp(2058,123): warning C4244: 'argument': conversion from 'float' to 'int', possible loss of data
D:\Visualgo\Source\VisualgoVHAK\RenderCLL.cpp(2058,90): warning C4244: 'argument': conversion from 'float' to 'int', possible loss of data
D:\Visualgo\Source\VisualgoVHAK\RenderCLL.cpp(2058,58): warning C4244: 'argument': conversion from 'float' to 'int', possible loss of data
D:\Visualgo\Source\VisualgoVHAK\RenderCLL.cpp(2059,116): warning C4244: 'argument': conversion from 'float' to 'int', possible loss of data
D:\Visualgo\Source\VisualgoVHAK\RenderCLL.cpp(2059,83): warning C4244: 'argument': conversion from 'float' to 'int', possible loss of data
D:\Visualgo\Source\VisualgoVHAK\RenderCLL.cpp(2059,53): warning C4244: 'argument': conversion from 'float' to 'int', possible loss of data
D:\Visualgo\Source\VisualgoVHAK\RenderCLL.cpp(2060,113): warning C4244: 'argument': conversion from 'float' to 'int', possible loss of data
D:\Visualgo\Source\VisualgoVHAK\RenderCLL.cpp(2060,88): warning C4244: 'argument': conversion from 'float' to 'int', possible loss of data
D:\Visualgo\Source\VisualgoVHAK\RenderCLL.cpp(2060,50): warning C4244: 'argument': conversion from 'float' to 'int', possible loss of data
D:\Visualgo\Source\VisualgoVHAK\RenderCLL.cpp(2061,125): warning C4244: 'argument': conversion from 'float' to 'int', possible loss of data
D:\Visualgo\Source\VisualgoVHAK\RenderCLL.cpp(2061,100): warning C4244: 'argument': conversion from 'float' to 'int', possible loss of data
D:\Visualgo\Source\VisualgoVHAK\RenderCLL.cpp(2061,60): warning C4244: 'argument': conversion from 'float' to 'int', possible loss of data
D:\Visualgo\Source\VisualgoVHAK\RenderCLL.cpp(2080,32): warning C4244: 'initializing': conversion from 'float' to 'int', possible loss of data
D:\Visualgo\Source\VisualgoVHAK\RenderCLL.cpp(2081,32): warning C4244: 'initializing': conversion from 'float' to 'int', possible loss of data
D:\Visualgo\Source\VisualgoVHAK\RenderCLL.cpp(2082,36): warning C4244: 'initializing': conversion from 'float' to 'int', possible loss of data
D:\Visualgo\Source\VisualgoVHAK\RenderCLL.cpp(2088,123): warning C4244: 'argument': conversion from 'float' to 'int', possible loss of data
D:\Visualgo\Source\VisualgoVHAK\RenderCLL.cpp(2088,90): warning C4244: 'argument': conversion from 'float' to 'int', possible loss of data
D:\Visualgo\Source\VisualgoVHAK\RenderCLL.cpp(2088,58): warning C4244: 'argument': conversion from 'float' to 'int', possible loss of data
D:\Visualgo\Source\VisualgoVHAK\RenderCLL.cpp(2089,116): warning C4244: 'argument': conversion from 'float' to 'int', possible loss of data
D:\Visualgo\Source\VisualgoVHAK\RenderCLL.cpp(2089,83): warning C4244: 'argument': conversion from 'float' to 'int', possible loss of data
D:\Visualgo\Source\VisualgoVHAK\RenderCLL.cpp(2089,53): warning C4244: 'argument': conversion from 'float' to 'int', possible loss of data
D:\Visualgo\Source\VisualgoVHAK\RenderCLL.cpp(2090,113): warning C4244: 'argument': conversion from 'float' to 'int', possible loss of data
D:\Visualgo\Source\VisualgoVHAK\RenderCLL.cpp(2090,88): warning C4244: 'argument': conversion from 'float' to 'int', possible loss of data
D:\Visualgo\Source\VisualgoVHAK\RenderCLL.cpp(2090,50): warning C4244: 'argument': conversion from 'float' to 'int', possible loss of data
D:\Visualgo\Source\VisualgoVHAK\RenderCLL.cpp(2091,125): warning C4244: 'argument': conversion from 'float' to 'int', possible loss of data
D:\Visualgo\Source\VisualgoVHAK\RenderCLL.cpp(2091,100): warning C4244: 'argument': conversion from 'float' to 'int', possible loss of data
D:\Visualgo\Source\VisualgoVHAK\RenderCLL.cpp(2091,60): warning C4244: 'argument': conversion from 'float' to 'int', possible loss of data
D:\Visualgo\Source\VisualgoVHAK\RenderCLL.cpp(2142,24): warning C4244: 'initializing': conversion from 'float' to 'int', possible loss of data
D:\Visualgo\Source\VisualgoVHAK\RenderCLL.cpp(2143,24): warning C4244: 'initializing': conversion from 'float' to 'int', possible loss of data
D:\Visualgo\Source\VisualgoVHAK\RenderCLL.cpp(2144,28): warning C4244: 'initializing': conversion from 'float' to 'int', possible loss of data
D:\Visualgo\Source\VisualgoVHAK\RenderCLL.cpp(2184,28): warning C4244: 'initializing': conversion from 'float' to 'int', possible loss of data
D:\Visualgo\Source\VisualgoVHAK\RenderCLL.cpp(2185,28): warning C4244: 'initializing': conversion from 'float' to 'int', possible loss of data
D:\Visualgo\Source\VisualgoVHAK\RenderCLL.cpp(2186,32): warning C4244: 'initializing': conversion from 'float' to 'int', possible loss of data
D:\Visualgo\Source\VisualgoVHAK\RenderCLL.cpp(2204,24): warning C4244: 'initializing': conversion from 'float' to 'int', possible loss of data
D:\Visualgo\Source\VisualgoVHAK\RenderCLL.cpp(2205,24): warning C4244: 'initializing': conversion from 'float' to 'int', possible loss of data
D:\Visualgo\Source\VisualgoVHAK\RenderCLL.cpp(2206,28): warning C4244: 'initializing': conversion from 'float' to 'int', possible loss of data
D:\Visualgo\Source\VisualgoVHAK\RenderCLL.cpp(2228,24): warning C4244: 'initializing': conversion from 'float' to 'int', possible loss of data
D:\Visualgo\Source\VisualgoVHAK\RenderCLL.cpp(2229,24): warning C4244: 'initializing': conversion from 'float' to 'int', possible loss of data
D:\Visualgo\Source\VisualgoVHAK\RenderCLL.cpp(2230,28): warning C4244: 'initializing': conversion from 'float' to 'int', possible loss of data
D:\Visualgo\Source\VisualgoVHAK\RenderCLL.cpp(2231,69): warning C4244: '=': conversion from 'float' to 'int', possible loss of data
D:\Visualgo\Source\VisualgoVHAK\RenderCLL.cpp(2338,28): warning C4244: 'initializing': conversion from 'float' to 'int', possible loss of data
D:\Visualgo\Source\VisualgoVHAK\RenderCLL.cpp(2339,28): warning C4244: 'initializing': conversion from 'float' to 'int', possible loss of data
D:\Visualgo\Source\VisualgoVHAK\RenderCLL.cpp(2340,32): warning C4244: 'initializing': conversion from 'float' to 'int', possible loss of data
D:\Visualgo\Source\VisualgoVHAK\RenderCLL.cpp(2360,32): warning C4244: 'initializing': conversion from 'float' to 'int', possible loss of data
D:\Visualgo\Source\VisualgoVHAK\RenderCLL.cpp(2361,32): warning C4244: 'initializing': conversion from 'float' to 'int', possible loss of data
D:\Visualgo\Source\VisualgoVHAK\RenderCLL.cpp(2362,36): warning C4244: 'initializing': conversion from 'float' to 'int', possible loss of data
D:\Visualgo\Source\VisualgoVHAK\RenderCLL.cpp(2363,77): warning C4244: '=': conversion from 'float' to 'int', possible loss of data
D:\Visualgo\Source\VisualgoVHAK\RenderCLL.cpp(2387,32): warning C4244: 'initializing': conversion from 'float' to 'int', possible loss of data
D:\Visualgo\Source\VisualgoVHAK\RenderCLL.cpp(2388,32): warning C4244: 'initializing': conversion from 'float' to 'int', possible loss of data
D:\Visualgo\Source\VisualgoVHAK\RenderCLL.cpp(2389,36): warning C4244: 'initializing': conversion from 'float' to 'int', possible loss of data
D:\Visualgo\Source\VisualgoVHAK\RenderCLL.cpp(2390,77): warning C4244: '=': conversion from 'float' to 'int', possible loss of data
D:\Visualgo\Source\VisualgoVHAK\RenderCLL.cpp(2446,24): warning C4244: 'initializing': conversion from 'float' to 'int', possible loss of data
D:\Visualgo\Source\VisualgoVHAK\RenderCLL.cpp(2447,24): warning C4244: 'initializing': conversion from 'float' to 'int', possible loss of data
D:\Visualgo\Source\VisualgoVHAK\RenderCLL.cpp(2448,28): warning C4244: 'initializing': conversion from 'float' to 'int', possible loss of data
D:\Visualgo\Source\VisualgoVHAK\RenderCLL.cpp(2454,115): warning C4244: 'argument': conversion from 'float' to 'int', possible loss of data
D:\Visualgo\Source\VisualgoVHAK\RenderCLL.cpp(2454,82): warning C4244: 'argument': conversion from 'float' to 'int', possible loss of data
D:\Visualgo\Source\VisualgoVHAK\RenderCLL.cpp(2454,50): warning C4244: 'argument': conversion from 'float' to 'int', possible loss of data
D:\Visualgo\Source\VisualgoVHAK\RenderCLL.cpp(2455,108): warning C4244: 'argument': conversion from 'float' to 'int', possible loss of data
D:\Visualgo\Source\VisualgoVHAK\RenderCLL.cpp(2455,75): warning C4244: 'argument': conversion from 'float' to 'int', possible loss of data
D:\Visualgo\Source\VisualgoVHAK\RenderCLL.cpp(2455,45): warning C4244: 'argument': conversion from 'float' to 'int', possible loss of data
D:\Visualgo\Source\VisualgoVHAK\RenderCLL.cpp(2456,105): warning C4244: 'argument': conversion from 'float' to 'int', possible loss of data
D:\Visualgo\Source\VisualgoVHAK\RenderCLL.cpp(2456,80): warning C4244: 'argument': conversion from 'float' to 'int', possible loss of data
D:\Visualgo\Source\VisualgoVHAK\RenderCLL.cpp(2456,42): warning C4244: 'argument': conversion from 'float' to 'int', possible loss of data
D:\Visualgo\Source\VisualgoVHAK\RenderCLL.cpp(2498,28): warning C4244: 'initializing': conversion from 'float' to 'int', possible loss of data
D:\Visualgo\Source\VisualgoVHAK\RenderCLL.cpp(2499,28): warning C4244: 'initializing': conversion from 'float' to 'int', possible loss of data
D:\Visualgo\Source\VisualgoVHAK\RenderCLL.cpp(2500,32): warning C4244: 'initializing': conversion from 'float' to 'int', possible loss of data
D:\Visualgo\Source\VisualgoVHAK\RenderCLL.cpp(2506,119): warning C4244: 'argument': conversion from 'float' to 'int', possible loss of data
D:\Visualgo\Source\VisualgoVHAK\RenderCLL.cpp(2506,86): warning C4244: 'argument': conversion from 'float' to 'int', possible loss of data
D:\Visualgo\Source\VisualgoVHAK\RenderCLL.cpp(2506,54): warning C4244: 'argument': conversion from 'float' to 'int', possible loss of data
D:\Visualgo\Source\VisualgoVHAK\RenderCLL.cpp(2507,112): warning C4244: 'argument': conversion from 'float' to 'int', possible loss of data
D:\Visualgo\Source\VisualgoVHAK\RenderCLL.cpp(2507,79): warning C4244: 'argument': conversion from 'float' to 'int', possible loss of data
D:\Visualgo\Source\VisualgoVHAK\RenderCLL.cpp(2507,49): warning C4244: 'argument': conversion from 'float' to 'int', possible loss of data
D:\Visualgo\Source\VisualgoVHAK\RenderCLL.cpp(2508,109): warning C4244: 'argument': conversion from 'float' to 'int', possible loss of data
D:\Visualgo\Source\VisualgoVHAK\RenderCLL.cpp(2508,84): warning C4244: 'argument': conversion from 'float' to 'int', possible loss of data
D:\Visualgo\Source\VisualgoVHAK\RenderCLL.cpp(2508,46): warning C4244: 'argument': conversion from 'float' to 'int', possible loss of data
D:\Visualgo\Source\VisualgoVHAK\RenderCLL.cpp(2585,52): warning C4267: '=': conversion from 'size_t' to 'int', possible loss of data
D:\Visualgo\Source\VisualgoVHAK\RenderCLL.cpp(2607,123): warning C4244: 'argument': conversion from 'float' to 'int', possible loss of data
D:\Visualgo\Source\VisualgoVHAK\RenderCLL.cpp(2607,90): warning C4244: 'argument': conversion from 'float' to 'int', possible loss of data
D:\Visualgo\Source\VisualgoVHAK\RenderCLL.cpp(2607,58): warning C4244: 'argument': conversion from 'float' to 'int', possible loss of data
D:\Visualgo\Source\VisualgoVHAK\RenderCLL.cpp(2608,116): warning C4244: 'argument': conversion from 'float' to 'int', possible loss of data
D:\Visualgo\Source\VisualgoVHAK\RenderCLL.cpp(2608,83): warning C4244: 'argument': conversion from 'float' to 'int', possible loss of data
D:\Visualgo\Source\VisualgoVHAK\RenderCLL.cpp(2608,53): warning C4244: 'argument': conversion from 'float' to 'int', possible loss of data
D:\Visualgo\Source\VisualgoVHAK\RenderCLL.cpp(2609,113): warning C4244: 'argument': conversion from 'float' to 'int', possible loss of data
D:\Visualgo\Source\VisualgoVHAK\RenderCLL.cpp(2609,88): warning C4244: 'argument': conversion from 'float' to 'int', possible loss of data
D:\Visualgo\Source\VisualgoVHAK\RenderCLL.cpp(2609,50): warning C4244: 'argument': conversion from 'float' to 'int', possible loss of data
D:\Visualgo\Source\VisualgoVHAK\RenderCLL.cpp(2625,28): warning C4244: 'initializing': conversion from 'float' to 'int', possible loss of data
D:\Visualgo\Source\VisualgoVHAK\RenderCLL.cpp(2626,28): warning C4244: 'initializing': conversion from 'float' to 'int', possible loss of data
D:\Visualgo\Source\VisualgoVHAK\RenderCLL.cpp(2627,32): warning C4244: 'initializing': conversion from 'float' to 'int', possible loss of data
  VisualgoVHAK.vcxproj -> D:\Visualgo\Source\x64\Debug\VisualgoVHAK.exe
