  Arrow.cpp
D:\VisualgoVHAK\VisualgoVHAK\Arrow.cpp(6,49): warning C4244: 'argument': conversion from 'int' to 'T', possible loss of data
          with
          [
              T=float
          ]
D:\VisualgoVHAK\VisualgoVHAK\Arrow.cpp(7,25): warning C4244: 'argument': conversion from 'int' to 'float', possible loss of data
D:\VisualgoVHAK\VisualgoVHAK\Arrow.cpp(7,22): warning C4244: 'argument': conversion from 'int' to 'float', possible loss of data
D:\VisualgoVHAK\VisualgoVHAK\Arrow.cpp(16,26): warning C4244: 'argument': conversion from 'int' to 'float', possible loss of data
D:\VisualgoVHAK\VisualgoVHAK\Arrow.cpp(16,23): warning C4244: 'argument': conversion from 'int' to 'float', possible loss of data
D:\VisualgoVHAK\VisualgoVHAK\Arrow.cpp(24,27): warning C4244: 'argument': conversion from 'int' to 'float', possible loss of data
D:\VisualgoVHAK\VisualgoVHAK\Arrow.cpp(24,23): warning C4244: 'argument': conversion from 'int' to 'float', possible loss of data
D:\VisualgoVHAK\VisualgoVHAK\Arrow.cpp(35,49): warning C4244: 'argument': conversion from 'int' to 'T', possible loss of data
          with
          [
              T=float
          ]
D:\VisualgoVHAK\VisualgoVHAK\Arrow.cpp(36,25): warning C4244: 'argument': conversion from 'int' to 'float', possible loss of data
D:\VisualgoVHAK\VisualgoVHAK\Arrow.cpp(36,22): warning C4244: 'argument': conversion from 'int' to 'float', possible loss of data
D:\VisualgoVHAK\VisualgoVHAK\Arrow.cpp(45,26): warning C4244: 'argument': conversion from 'int' to 'float', possible loss of data
D:\VisualgoVHAK\VisualgoVHAK\Arrow.cpp(45,23): warning C4244: 'argument': conversion from 'int' to 'float', possible loss of data
D:\VisualgoVHAK\VisualgoVHAK\Arrow.cpp(53,27): warning C4244: 'argument': conversion from 'int' to 'float', possible loss of data
D:\VisualgoVHAK\VisualgoVHAK\Arrow.cpp(53,23): warning C4244: 'argument': conversion from 'int' to 'float', possible loss of data
D:\VisualgoVHAK\VisualgoVHAK\Arrow.cpp(62,49): warning C4244: 'argument': conversion from 'int' to 'T', possible loss of data
          with
          [
              T=float
          ]
D:\VisualgoVHAK\VisualgoVHAK\Arrow.cpp(63,25): warning C4244: 'argument': conversion from 'int' to 'float', possible loss of data
D:\VisualgoVHAK\VisualgoVHAK\Arrow.cpp(63,22): warning C4244: 'argument': conversion from 'int' to 'float', possible loss of data
D:\VisualgoVHAK\VisualgoVHAK\Arrow.cpp(72,26): warning C4244: 'argument': conversion from 'int' to 'float', possible loss of data
D:\VisualgoVHAK\VisualgoVHAK\Arrow.cpp(72,23): warning C4244: 'argument': conversion from 'int' to 'float', possible loss of data
D:\VisualgoVHAK\VisualgoVHAK\Arrow.cpp(80,27): warning C4244: 'argument': conversion from 'int' to 'float', possible loss of data
D:\VisualgoVHAK\VisualgoVHAK\Arrow.cpp(80,23): warning C4244: 'argument': conversion from 'int' to 'float', possible loss of data
D:\VisualgoVHAK\VisualgoVHAK\Arrow.cpp(89,45): warning C4244: 'argument': conversion from 'int' to 'T', possible loss of data
          with
          [
              T=float
          ]
D:\VisualgoVHAK\VisualgoVHAK\Arrow.cpp(90,33): warning C4244: 'argument': conversion from 'const _Ty' to 'float', possible loss of data
          with
          [
              _Ty=int
          ]
D:\VisualgoVHAK\VisualgoVHAK\Arrow.cpp(90,22): warning C4244: 'argument': conversion from 'int' to 'float', possible loss of data
D:\VisualgoVHAK\VisualgoVHAK\Arrow.cpp(99,27): warning C4244: 'argument': conversion from 'int' to 'float', possible loss of data
D:\VisualgoVHAK\VisualgoVHAK\Arrow.cpp(99,23): warning C4244: 'argument': conversion from 'int' to 'float', possible loss of data
D:\VisualgoVHAK\VisualgoVHAK\Arrow.cpp(108,26): warning C4244: 'argument': conversion from 'int' to 'float', possible loss of data
D:\VisualgoVHAK\VisualgoVHAK\Arrow.cpp(108,23): warning C4244: 'argument': conversion from 'int' to 'float', possible loss of data
D:\VisualgoVHAK\VisualgoVHAK\Arrow.cpp(120,45): warning C4244: 'argument': conversion from 'int' to 'T', possible loss of data
          with
          [
              T=float
          ]
D:\VisualgoVHAK\VisualgoVHAK\Arrow.cpp(121,33): warning C4244: 'argument': conversion from 'const _Ty' to 'float', possible loss of data
          with
          [
              _Ty=int
          ]
D:\VisualgoVHAK\VisualgoVHAK\Arrow.cpp(121,22): warning C4244: 'argument': conversion from 'int' to 'float', possible loss of data
D:\VisualgoVHAK\VisualgoVHAK\Arrow.cpp(130,26): warning C4244: 'argument': conversion from 'int' to 'float', possible loss of data
D:\VisualgoVHAK\VisualgoVHAK\Arrow.cpp(130,23): warning C4244: 'argument': conversion from 'int' to 'float', possible loss of data
D:\VisualgoVHAK\VisualgoVHAK\Arrow.cpp(139,26): warning C4244: 'argument': conversion from 'int' to 'float', possible loss of data
D:\VisualgoVHAK\VisualgoVHAK\Arrow.cpp(139,23): warning C4244: 'argument': conversion from 'int' to 'float', possible loss of data
D:\VisualgoVHAK\VisualgoVHAK\Arrow.cpp(150,45): warning C4244: 'argument': conversion from 'int' to 'T', possible loss of data
          with
          [
              T=float
          ]
D:\VisualgoVHAK\VisualgoVHAK\Arrow.cpp(151,33): warning C4244: 'argument': conversion from 'const _Ty' to 'float', possible loss of data
          with
          [
              _Ty=int
          ]
D:\VisualgoVHAK\VisualgoVHAK\Arrow.cpp(151,22): warning C4244: 'argument': conversion from 'int' to 'float', possible loss of data
D:\VisualgoVHAK\VisualgoVHAK\Arrow.cpp(160,26): warning C4244: 'argument': conversion from 'int' to 'float', possible loss of data
D:\VisualgoVHAK\VisualgoVHAK\Arrow.cpp(160,23): warning C4244: 'argument': conversion from 'int' to 'float', possible loss of data
D:\VisualgoVHAK\VisualgoVHAK\Arrow.cpp(169,26): warning C4244: 'argument': conversion from 'int' to 'float', possible loss of data
D:\VisualgoVHAK\VisualgoVHAK\Arrow.cpp(169,23): warning C4244: 'argument': conversion from 'int' to 'float', possible loss of data
  VisualgoVHAK.vcxproj -> D:\VisualgoVHAK\x64\Debug\VisualgoVHAK.exe
