  RenderDLL.cpp
D:\VisualgoVHAK\VisualgoVHAK\RenderDLL.cpp(40,24): warning C4244: 'initializing': conversion from 'float' to 'int', possible loss of data
D:\VisualgoVHAK\VisualgoVHAK\RenderDLL.cpp(41,24): warning C4244: 'initializing': conversion from 'float' to 'int', possible loss of data
D:\VisualgoVHAK\VisualgoVHAK\RenderDLL.cpp(42,28): warning C4244: 'initializing': conversion from 'float' to 'int', possible loss of data
D:\VisualgoVHAK\VisualgoVHAK\RenderDLL.cpp(85,24): warning C4244: 'initializing': conversion from 'float' to 'int', possible loss of data
D:\VisualgoVHAK\VisualgoVHAK\RenderDLL.cpp(86,24): warning C4244: 'initializing': conversion from 'float' to 'int', possible loss of data
D:\VisualgoVHAK\VisualgoVHAK\RenderDLL.cpp(87,28): warning C4244: 'initializing': conversion from 'float' to 'int', possible loss of data
D:\VisualgoVHAK\VisualgoVHAK\RenderDLL.cpp(105,24): warning C4244: 'initializing': conversion from 'float' to 'int', possible loss of data
D:\VisualgoVHAK\VisualgoVHAK\RenderDLL.cpp(106,24): warning C4244: 'initializing': conversion from 'float' to 'int', possible loss of data
D:\VisualgoVHAK\VisualgoVHAK\RenderDLL.cpp(107,28): warning C4244: 'initializing': conversion from 'float' to 'int', possible loss of data
D:\VisualgoVHAK\VisualgoVHAK\RenderDLL.cpp(126,24): warning C4244: 'initializing': conversion from 'float' to 'int', possible loss of data
D:\VisualgoVHAK\VisualgoVHAK\RenderDLL.cpp(127,24): warning C4244: 'initializing': conversion from 'float' to 'int', possible loss of data
D:\VisualgoVHAK\VisualgoVHAK\RenderDLL.cpp(128,28): warning C4244: 'initializing': conversion from 'float' to 'int', possible loss of data
D:\VisualgoVHAK\VisualgoVHAK\RenderDLL.cpp(133,100): warning C4244: 'argument': conversion from 'float' to 'int', possible loss of data
D:\VisualgoVHAK\VisualgoVHAK\RenderDLL.cpp(133,74): warning C4244: 'argument': conversion from 'float' to 'int', possible loss of data
D:\VisualgoVHAK\VisualgoVHAK\RenderDLL.cpp(133,60): warning C4244: 'argument': conversion from 'float' to 'int', possible loss of data
D:\VisualgoVHAK\VisualgoVHAK\RenderDLL.cpp(219,32): warning C4244: 'initializing': conversion from 'float' to 'int', possible loss of data
D:\VisualgoVHAK\VisualgoVHAK\RenderDLL.cpp(220,32): warning C4244: 'initializing': conversion from 'float' to 'int', possible loss of data
D:\VisualgoVHAK\VisualgoVHAK\RenderDLL.cpp(221,36): warning C4244: 'initializing': conversion from 'float' to 'int', possible loss of data
D:\VisualgoVHAK\VisualgoVHAK\RenderDLL.cpp(242,32): warning C4244: 'initializing': conversion from 'float' to 'int', possible loss of data
D:\VisualgoVHAK\VisualgoVHAK\RenderDLL.cpp(243,32): warning C4244: 'initializing': conversion from 'float' to 'int', possible loss of data
D:\VisualgoVHAK\VisualgoVHAK\RenderDLL.cpp(244,36): warning C4244: 'initializing': conversion from 'float' to 'int', possible loss of data
D:\VisualgoVHAK\VisualgoVHAK\RenderDLL.cpp(269,32): warning C4244: 'initializing': conversion from 'float' to 'int', possible loss of data
D:\VisualgoVHAK\VisualgoVHAK\RenderDLL.cpp(270,32): warning C4244: 'initializing': conversion from 'float' to 'int', possible loss of data
D:\VisualgoVHAK\VisualgoVHAK\RenderDLL.cpp(271,36): warning C4244: 'initializing': conversion from 'float' to 'int', possible loss of data
D:\VisualgoVHAK\VisualgoVHAK\RenderDLL.cpp(279,110): warning C4244: 'argument': conversion from 'float' to 'int', possible loss of data
D:\VisualgoVHAK\VisualgoVHAK\RenderDLL.cpp(279,84): warning C4244: 'argument': conversion from 'float' to 'int', possible loss of data
D:\VisualgoVHAK\VisualgoVHAK\RenderDLL.cpp(279,68): warning C4244: 'argument': conversion from 'float' to 'int', possible loss of data
D:\VisualgoVHAK\VisualgoVHAK\RenderDLL.cpp(298,32): warning C4244: 'initializing': conversion from 'float' to 'int', possible loss of data
D:\VisualgoVHAK\VisualgoVHAK\RenderDLL.cpp(299,32): warning C4244: 'initializing': conversion from 'float' to 'int', possible loss of data
D:\VisualgoVHAK\VisualgoVHAK\RenderDLL.cpp(300,36): warning C4244: 'initializing': conversion from 'float' to 'int', possible loss of data
D:\VisualgoVHAK\VisualgoVHAK\RenderDLL.cpp(308,110): warning C4244: 'argument': conversion from 'float' to 'int', possible loss of data
D:\VisualgoVHAK\VisualgoVHAK\RenderDLL.cpp(308,84): warning C4244: 'argument': conversion from 'float' to 'int', possible loss of data
D:\VisualgoVHAK\VisualgoVHAK\RenderDLL.cpp(308,68): warning C4244: 'argument': conversion from 'float' to 'int', possible loss of data
D:\VisualgoVHAK\VisualgoVHAK\RenderDLL.cpp(353,24): warning C4244: 'initializing': conversion from 'float' to 'int', possible loss of data
D:\VisualgoVHAK\VisualgoVHAK\RenderDLL.cpp(354,24): warning C4244: 'initializing': conversion from 'float' to 'int', possible loss of data
D:\VisualgoVHAK\VisualgoVHAK\RenderDLL.cpp(355,28): warning C4244: 'initializing': conversion from 'float' to 'int', possible loss of data
D:\VisualgoVHAK\VisualgoVHAK\RenderDLL.cpp(376,24): warning C4244: 'initializing': conversion from 'float' to 'int', possible loss of data
D:\VisualgoVHAK\VisualgoVHAK\RenderDLL.cpp(377,24): warning C4244: 'initializing': conversion from 'float' to 'int', possible loss of data
D:\VisualgoVHAK\VisualgoVHAK\RenderDLL.cpp(378,28): warning C4244: 'initializing': conversion from 'float' to 'int', possible loss of data
D:\VisualgoVHAK\VisualgoVHAK\RenderDLL.cpp(383,120): warning C4244: 'argument': conversion from 'float' to 'int', possible loss of data
D:\VisualgoVHAK\VisualgoVHAK\RenderDLL.cpp(383,104): warning C4244: 'argument': conversion from 'float' to 'int', possible loss of data
D:\VisualgoVHAK\VisualgoVHAK\RenderDLL.cpp(383,74): warning C4244: 'argument': conversion from 'float' to 'int', possible loss of data
D:\VisualgoVHAK\VisualgoVHAK\RenderDLL.cpp(390,120): warning C4244: 'argument': conversion from 'float' to 'int', possible loss of data
D:\VisualgoVHAK\VisualgoVHAK\RenderDLL.cpp(390,104): warning C4244: 'argument': conversion from 'float' to 'int', possible loss of data
D:\VisualgoVHAK\VisualgoVHAK\RenderDLL.cpp(390,74): warning C4244: 'argument': conversion from 'float' to 'int', possible loss of data
D:\VisualgoVHAK\VisualgoVHAK\RenderDLL.cpp(404,24): warning C4244: 'initializing': conversion from 'float' to 'int', possible loss of data
D:\VisualgoVHAK\VisualgoVHAK\RenderDLL.cpp(405,24): warning C4244: 'initializing': conversion from 'float' to 'int', possible loss of data
D:\VisualgoVHAK\VisualgoVHAK\RenderDLL.cpp(406,28): warning C4244: 'initializing': conversion from 'float' to 'int', possible loss of data
D:\VisualgoVHAK\VisualgoVHAK\RenderDLL.cpp(410,120): warning C4244: 'argument': conversion from 'float' to 'int', possible loss of data
D:\VisualgoVHAK\VisualgoVHAK\RenderDLL.cpp(410,104): warning C4244: 'argument': conversion from 'float' to 'int', possible loss of data
D:\VisualgoVHAK\VisualgoVHAK\RenderDLL.cpp(410,74): warning C4244: 'argument': conversion from 'float' to 'int', possible loss of data
D:\VisualgoVHAK\VisualgoVHAK\RenderDLL.cpp(503,28): warning C4244: 'initializing': conversion from 'float' to 'int', possible loss of data
D:\VisualgoVHAK\VisualgoVHAK\RenderDLL.cpp(504,28): warning C4244: 'initializing': conversion from 'float' to 'int', possible loss of data
D:\VisualgoVHAK\VisualgoVHAK\RenderDLL.cpp(505,32): warning C4244: 'initializing': conversion from 'float' to 'int', possible loss of data
D:\VisualgoVHAK\VisualgoVHAK\RenderDLL.cpp(522,128): warning C4244: 'argument': conversion from 'float' to 'int', possible loss of data
D:\VisualgoVHAK\VisualgoVHAK\RenderDLL.cpp(522,112): warning C4244: 'argument': conversion from 'float' to 'int', possible loss of data
D:\VisualgoVHAK\VisualgoVHAK\RenderDLL.cpp(522,82): warning C4244: 'argument': conversion from 'float' to 'int', possible loss of data
D:\VisualgoVHAK\VisualgoVHAK\RenderDLL.cpp(533,28): warning C4244: 'initializing': conversion from 'float' to 'int', possible loss of data
D:\VisualgoVHAK\VisualgoVHAK\RenderDLL.cpp(534,28): warning C4244: 'initializing': conversion from 'float' to 'int', possible loss of data
D:\VisualgoVHAK\VisualgoVHAK\RenderDLL.cpp(535,32): warning C4244: 'initializing': conversion from 'float' to 'int', possible loss of data
D:\VisualgoVHAK\VisualgoVHAK\RenderDLL.cpp(552,128): warning C4244: 'argument': conversion from 'float' to 'int', possible loss of data
D:\VisualgoVHAK\VisualgoVHAK\RenderDLL.cpp(552,112): warning C4244: 'argument': conversion from 'float' to 'int', possible loss of data
D:\VisualgoVHAK\VisualgoVHAK\RenderDLL.cpp(552,82): warning C4244: 'argument': conversion from 'float' to 'int', possible loss of data
D:\VisualgoVHAK\VisualgoVHAK\RenderDLL.cpp(563,28): warning C4244: 'initializing': conversion from 'float' to 'int', possible loss of data
D:\VisualgoVHAK\VisualgoVHAK\RenderDLL.cpp(564,28): warning C4244: 'initializing': conversion from 'float' to 'int', possible loss of data
D:\VisualgoVHAK\VisualgoVHAK\RenderDLL.cpp(565,32): warning C4244: 'initializing': conversion from 'float' to 'int', possible loss of data
D:\VisualgoVHAK\VisualgoVHAK\RenderDLL.cpp(617,24): warning C4244: 'initializing': conversion from 'float' to 'int', possible loss of data
D:\VisualgoVHAK\VisualgoVHAK\RenderDLL.cpp(618,24): warning C4244: 'initializing': conversion from 'float' to 'int', possible loss of data
D:\VisualgoVHAK\VisualgoVHAK\RenderDLL.cpp(619,28): warning C4244: 'initializing': conversion from 'float' to 'int', possible loss of data
D:\VisualgoVHAK\VisualgoVHAK\RenderDLL.cpp(655,28): warning C4244: 'initializing': conversion from 'float' to 'int', possible loss of data
D:\VisualgoVHAK\VisualgoVHAK\RenderDLL.cpp(656,28): warning C4244: 'initializing': conversion from 'float' to 'int', possible loss of data
D:\VisualgoVHAK\VisualgoVHAK\RenderDLL.cpp(657,32): warning C4244: 'initializing': conversion from 'float' to 'int', possible loss of data
D:\VisualgoVHAK\VisualgoVHAK\RenderDLL.cpp(675,24): warning C4244: 'initializing': conversion from 'float' to 'int', possible loss of data
D:\VisualgoVHAK\VisualgoVHAK\RenderDLL.cpp(676,24): warning C4244: 'initializing': conversion from 'float' to 'int', possible loss of data
D:\VisualgoVHAK\VisualgoVHAK\RenderDLL.cpp(677,28): warning C4244: 'initializing': conversion from 'float' to 'int', possible loss of data
D:\VisualgoVHAK\VisualgoVHAK\RenderDLL.cpp(698,24): warning C4244: 'initializing': conversion from 'float' to 'int', possible loss of data
D:\VisualgoVHAK\VisualgoVHAK\RenderDLL.cpp(699,24): warning C4244: 'initializing': conversion from 'float' to 'int', possible loss of data
D:\VisualgoVHAK\VisualgoVHAK\RenderDLL.cpp(700,28): warning C4244: 'initializing': conversion from 'float' to 'int', possible loss of data
D:\VisualgoVHAK\VisualgoVHAK\RenderDLL.cpp(705,97): warning C4244: 'argument': conversion from 'float' to 'int', possible loss of data
D:\VisualgoVHAK\VisualgoVHAK\RenderDLL.cpp(705,81): warning C4244: 'argument': conversion from 'float' to 'int', possible loss of data
D:\VisualgoVHAK\VisualgoVHAK\RenderDLL.cpp(705,51): warning C4244: 'argument': conversion from 'float' to 'int', possible loss of data
D:\VisualgoVHAK\VisualgoVHAK\RenderDLL.cpp(707,109): warning C4244: 'argument': conversion from 'float' to 'int', possible loss of data
D:\VisualgoVHAK\VisualgoVHAK\RenderDLL.cpp(707,74): warning C4244: 'argument': conversion from 'float' to 'int', possible loss of data
D:\VisualgoVHAK\VisualgoVHAK\RenderDLL.cpp(707,55): warning C4244: 'argument': conversion from 'float' to 'int', possible loss of data
D:\VisualgoVHAK\VisualgoVHAK\RenderDLL.cpp(708,85): warning C4244: 'argument': conversion from 'float' to 'int', possible loss of data
D:\VisualgoVHAK\VisualgoVHAK\RenderDLL.cpp(708,69): warning C4244: 'argument': conversion from 'float' to 'int', possible loss of data
D:\VisualgoVHAK\VisualgoVHAK\RenderDLL.cpp(708,57): warning C4244: 'argument': conversion from 'float' to 'int', possible loss of data
D:\VisualgoVHAK\VisualgoVHAK\RenderDLL.cpp(801,28): warning C4244: 'initializing': conversion from 'float' to 'int', possible loss of data
D:\VisualgoVHAK\VisualgoVHAK\RenderDLL.cpp(802,28): warning C4244: 'initializing': conversion from 'float' to 'int', possible loss of data
D:\VisualgoVHAK\VisualgoVHAK\RenderDLL.cpp(803,32): warning C4244: 'initializing': conversion from 'float' to 'int', possible loss of data
D:\VisualgoVHAK\VisualgoVHAK\RenderDLL.cpp(827,32): warning C4244: 'initializing': conversion from 'float' to 'int', possible loss of data
D:\VisualgoVHAK\VisualgoVHAK\RenderDLL.cpp(828,32): warning C4244: 'initializing': conversion from 'float' to 'int', possible loss of data
D:\VisualgoVHAK\VisualgoVHAK\RenderDLL.cpp(829,36): warning C4244: 'initializing': conversion from 'float' to 'int', possible loss of data
D:\VisualgoVHAK\VisualgoVHAK\RenderDLL.cpp(856,32): warning C4244: 'initializing': conversion from 'float' to 'int', possible loss of data
D:\VisualgoVHAK\VisualgoVHAK\RenderDLL.cpp(857,32): warning C4244: 'initializing': conversion from 'float' to 'int', possible loss of data
D:\VisualgoVHAK\VisualgoVHAK\RenderDLL.cpp(858,36): warning C4244: 'initializing': conversion from 'float' to 'int', possible loss of data
D:\VisualgoVHAK\VisualgoVHAK\RenderDLL.cpp(863,105): warning C4244: 'argument': conversion from 'float' to 'int', possible loss of data
D:\VisualgoVHAK\VisualgoVHAK\RenderDLL.cpp(863,89): warning C4244: 'argument': conversion from 'float' to 'int', possible loss of data
D:\VisualgoVHAK\VisualgoVHAK\RenderDLL.cpp(863,59): warning C4244: 'argument': conversion from 'float' to 'int', possible loss of data
D:\VisualgoVHAK\VisualgoVHAK\RenderDLL.cpp(865,116): warning C4244: 'argument': conversion from 'float' to 'int', possible loss of data
D:\VisualgoVHAK\VisualgoVHAK\RenderDLL.cpp(865,81): warning C4244: 'argument': conversion from 'float' to 'int', possible loss of data
D:\VisualgoVHAK\VisualgoVHAK\RenderDLL.cpp(865,63): warning C4244: 'argument': conversion from 'float' to 'int', possible loss of data
D:\VisualgoVHAK\VisualgoVHAK\RenderDLL.cpp(866,93): warning C4244: 'argument': conversion from 'float' to 'int', possible loss of data
D:\VisualgoVHAK\VisualgoVHAK\RenderDLL.cpp(866,77): warning C4244: 'argument': conversion from 'float' to 'int', possible loss of data
D:\VisualgoVHAK\VisualgoVHAK\RenderDLL.cpp(866,65): warning C4244: 'argument': conversion from 'float' to 'int', possible loss of data
D:\VisualgoVHAK\VisualgoVHAK\RenderDLL.cpp(909,24): warning C4244: 'initializing': conversion from 'float' to 'int', possible loss of data
D:\VisualgoVHAK\VisualgoVHAK\RenderDLL.cpp(910,24): warning C4244: 'initializing': conversion from 'float' to 'int', possible loss of data
D:\VisualgoVHAK\VisualgoVHAK\RenderDLL.cpp(911,28): warning C4244: 'initializing': conversion from 'float' to 'int', possible loss of data
D:\VisualgoVHAK\VisualgoVHAK\RenderDLL.cpp(942,28): warning C4244: 'initializing': conversion from 'float' to 'int', possible loss of data
D:\VisualgoVHAK\VisualgoVHAK\RenderDLL.cpp(943,28): warning C4244: 'initializing': conversion from 'float' to 'int', possible loss of data
D:\VisualgoVHAK\VisualgoVHAK\RenderDLL.cpp(944,32): warning C4244: 'initializing': conversion from 'float' to 'int', possible loss of data
D:\VisualgoVHAK\VisualgoVHAK\RenderDLL.cpp(961,24): warning C4244: 'initializing': conversion from 'float' to 'int', possible loss of data
D:\VisualgoVHAK\VisualgoVHAK\RenderDLL.cpp(962,24): warning C4244: 'initializing': conversion from 'float' to 'int', possible loss of data
D:\VisualgoVHAK\VisualgoVHAK\RenderDLL.cpp(963,28): warning C4244: 'initializing': conversion from 'float' to 'int', possible loss of data
D:\VisualgoVHAK\VisualgoVHAK\RenderDLL.cpp(1062,28): warning C4244: 'initializing': conversion from 'float' to 'int', possible loss of data
D:\VisualgoVHAK\VisualgoVHAK\RenderDLL.cpp(1063,28): warning C4244: 'initializing': conversion from 'float' to 'int', possible loss of data
D:\VisualgoVHAK\VisualgoVHAK\RenderDLL.cpp(1064,32): warning C4244: 'initializing': conversion from 'float' to 'int', possible loss of data
D:\VisualgoVHAK\VisualgoVHAK\RenderDLL.cpp(1087,32): warning C4244: 'initializing': conversion from 'float' to 'int', possible loss of data
D:\VisualgoVHAK\VisualgoVHAK\RenderDLL.cpp(1088,32): warning C4244: 'initializing': conversion from 'float' to 'int', possible loss of data
D:\VisualgoVHAK\VisualgoVHAK\RenderDLL.cpp(1089,36): warning C4244: 'initializing': conversion from 'float' to 'int', possible loss of data
D:\VisualgoVHAK\VisualgoVHAK\RenderDLL.cpp(1144,24): warning C4244: 'initializing': conversion from 'float' to 'int', possible loss of data
D:\VisualgoVHAK\VisualgoVHAK\RenderDLL.cpp(1145,24): warning C4244: 'initializing': conversion from 'float' to 'int', possible loss of data
D:\VisualgoVHAK\VisualgoVHAK\RenderDLL.cpp(1146,28): warning C4244: 'initializing': conversion from 'float' to 'int', possible loss of data
D:\VisualgoVHAK\VisualgoVHAK\RenderDLL.cpp(1166,24): warning C4244: 'initializing': conversion from 'float' to 'int', possible loss of data
D:\VisualgoVHAK\VisualgoVHAK\RenderDLL.cpp(1167,24): warning C4244: 'initializing': conversion from 'float' to 'int', possible loss of data
D:\VisualgoVHAK\VisualgoVHAK\RenderDLL.cpp(1168,28): warning C4244: 'initializing': conversion from 'float' to 'int', possible loss of data
D:\VisualgoVHAK\VisualgoVHAK\RenderDLL.cpp(1189,24): warning C4244: 'initializing': conversion from 'float' to 'int', possible loss of data
D:\VisualgoVHAK\VisualgoVHAK\RenderDLL.cpp(1190,24): warning C4244: 'initializing': conversion from 'float' to 'int', possible loss of data
D:\VisualgoVHAK\VisualgoVHAK\RenderDLL.cpp(1191,28): warning C4244: 'initializing': conversion from 'float' to 'int', possible loss of data
D:\VisualgoVHAK\VisualgoVHAK\RenderDLL.cpp(1290,32): warning C4244: 'initializing': conversion from 'float' to 'int', possible loss of data
D:\VisualgoVHAK\VisualgoVHAK\RenderDLL.cpp(1291,32): warning C4244: 'initializing': conversion from 'float' to 'int', possible loss of data
D:\VisualgoVHAK\VisualgoVHAK\RenderDLL.cpp(1292,36): warning C4244: 'initializing': conversion from 'float' to 'int', possible loss of data
D:\VisualgoVHAK\VisualgoVHAK\RenderDLL.cpp(1317,32): warning C4244: 'initializing': conversion from 'float' to 'int', possible loss of data
D:\VisualgoVHAK\VisualgoVHAK\RenderDLL.cpp(1318,32): warning C4244: 'initializing': conversion from 'float' to 'int', possible loss of data
D:\VisualgoVHAK\VisualgoVHAK\RenderDLL.cpp(1319,36): warning C4244: 'initializing': conversion from 'float' to 'int', possible loss of data
D:\VisualgoVHAK\VisualgoVHAK\RenderDLL.cpp(1344,32): warning C4244: 'initializing': conversion from 'float' to 'int', possible loss of data
D:\VisualgoVHAK\VisualgoVHAK\RenderDLL.cpp(1345,32): warning C4244: 'initializing': conversion from 'float' to 'int', possible loss of data
D:\VisualgoVHAK\VisualgoVHAK\RenderDLL.cpp(1346,36): warning C4244: 'initializing': conversion from 'float' to 'int', possible loss of data
D:\VisualgoVHAK\VisualgoVHAK\RenderDLL.cpp(1399,24): warning C4244: 'initializing': conversion from 'float' to 'int', possible loss of data
D:\VisualgoVHAK\VisualgoVHAK\RenderDLL.cpp(1400,24): warning C4244: 'initializing': conversion from 'float' to 'int', possible loss of data
D:\VisualgoVHAK\VisualgoVHAK\RenderDLL.cpp(1401,28): warning C4244: 'initializing': conversion from 'float' to 'int', possible loss of data
D:\VisualgoVHAK\VisualgoVHAK\RenderDLL.cpp(1421,24): warning C4244: 'initializing': conversion from 'float' to 'int', possible loss of data
D:\VisualgoVHAK\VisualgoVHAK\RenderDLL.cpp(1422,24): warning C4244: 'initializing': conversion from 'float' to 'int', possible loss of data
D:\VisualgoVHAK\VisualgoVHAK\RenderDLL.cpp(1423,28): warning C4244: 'initializing': conversion from 'float' to 'int', possible loss of data
D:\VisualgoVHAK\VisualgoVHAK\RenderDLL.cpp(1445,24): warning C4244: 'initializing': conversion from 'float' to 'int', possible loss of data
D:\VisualgoVHAK\VisualgoVHAK\RenderDLL.cpp(1446,24): warning C4244: 'initializing': conversion from 'float' to 'int', possible loss of data
D:\VisualgoVHAK\VisualgoVHAK\RenderDLL.cpp(1447,28): warning C4244: 'initializing': conversion from 'float' to 'int', possible loss of data
D:\VisualgoVHAK\VisualgoVHAK\RenderDLL.cpp(1493,24): warning C4244: 'initializing': conversion from 'float' to 'int', possible loss of data
D:\VisualgoVHAK\VisualgoVHAK\RenderDLL.cpp(1494,24): warning C4244: 'initializing': conversion from 'float' to 'int', possible loss of data
D:\VisualgoVHAK\VisualgoVHAK\RenderDLL.cpp(1495,28): warning C4244: 'initializing': conversion from 'float' to 'int', possible loss of data
D:\VisualgoVHAK\VisualgoVHAK\RenderDLL.cpp(1552,28): warning C4244: 'initializing': conversion from 'float' to 'int', possible loss of data
D:\VisualgoVHAK\VisualgoVHAK\RenderDLL.cpp(1553,28): warning C4244: 'initializing': conversion from 'float' to 'int', possible loss of data
D:\VisualgoVHAK\VisualgoVHAK\RenderDLL.cpp(1554,32): warning C4244: 'initializing': conversion from 'float' to 'int', possible loss of data
D:\VisualgoVHAK\VisualgoVHAK\RenderDLL.cpp(1580,28): warning C4244: 'initializing': conversion from 'float' to 'int', possible loss of data
D:\VisualgoVHAK\VisualgoVHAK\RenderDLL.cpp(1581,28): warning C4244: 'initializing': conversion from 'float' to 'int', possible loss of data
D:\VisualgoVHAK\VisualgoVHAK\RenderDLL.cpp(1582,32): warning C4244: 'initializing': conversion from 'float' to 'int', possible loss of data
D:\VisualgoVHAK\VisualgoVHAK\RenderDLL.cpp(1604,28): warning C4244: 'initializing': conversion from 'float' to 'int', possible loss of data
D:\VisualgoVHAK\VisualgoVHAK\RenderDLL.cpp(1605,28): warning C4244: 'initializing': conversion from 'float' to 'int', possible loss of data
D:\VisualgoVHAK\VisualgoVHAK\RenderDLL.cpp(1606,32): warning C4244: 'initializing': conversion from 'float' to 'int', possible loss of data
D:\VisualgoVHAK\VisualgoVHAK\RenderDLL.cpp(1655,24): warning C4244: 'initializing': conversion from 'float' to 'int', possible loss of data
D:\VisualgoVHAK\VisualgoVHAK\RenderDLL.cpp(1656,24): warning C4244: 'initializing': conversion from 'float' to 'int', possible loss of data
D:\VisualgoVHAK\VisualgoVHAK\RenderDLL.cpp(1657,28): warning C4244: 'initializing': conversion from 'float' to 'int', possible loss of data
D:\VisualgoVHAK\VisualgoVHAK\RenderDLL.cpp(1697,28): warning C4244: 'initializing': conversion from 'float' to 'int', possible loss of data
D:\VisualgoVHAK\VisualgoVHAK\RenderDLL.cpp(1698,28): warning C4244: 'initializing': conversion from 'float' to 'int', possible loss of data
D:\VisualgoVHAK\VisualgoVHAK\RenderDLL.cpp(1699,32): warning C4244: 'initializing': conversion from 'float' to 'int', possible loss of data
D:\VisualgoVHAK\VisualgoVHAK\RenderDLL.cpp(1717,24): warning C4244: 'initializing': conversion from 'float' to 'int', possible loss of data
D:\VisualgoVHAK\VisualgoVHAK\RenderDLL.cpp(1718,24): warning C4244: 'initializing': conversion from 'float' to 'int', possible loss of data
D:\VisualgoVHAK\VisualgoVHAK\RenderDLL.cpp(1719,28): warning C4244: 'initializing': conversion from 'float' to 'int', possible loss of data
D:\VisualgoVHAK\VisualgoVHAK\RenderDLL.cpp(1741,24): warning C4244: 'initializing': conversion from 'float' to 'int', possible loss of data
D:\VisualgoVHAK\VisualgoVHAK\RenderDLL.cpp(1742,24): warning C4244: 'initializing': conversion from 'float' to 'int', possible loss of data
D:\VisualgoVHAK\VisualgoVHAK\RenderDLL.cpp(1743,28): warning C4244: 'initializing': conversion from 'float' to 'int', possible loss of data
D:\VisualgoVHAK\VisualgoVHAK\RenderDLL.cpp(1744,69): warning C4244: '=': conversion from 'float' to 'int', possible loss of data
D:\VisualgoVHAK\VisualgoVHAK\RenderDLL.cpp(1841,28): warning C4244: 'initializing': conversion from 'float' to 'int', possible loss of data
D:\VisualgoVHAK\VisualgoVHAK\RenderDLL.cpp(1842,28): warning C4244: 'initializing': conversion from 'float' to 'int', possible loss of data
D:\VisualgoVHAK\VisualgoVHAK\RenderDLL.cpp(1843,32): warning C4244: 'initializing': conversion from 'float' to 'int', possible loss of data
D:\VisualgoVHAK\VisualgoVHAK\RenderDLL.cpp(1863,32): warning C4244: 'initializing': conversion from 'float' to 'int', possible loss of data
D:\VisualgoVHAK\VisualgoVHAK\RenderDLL.cpp(1864,32): warning C4244: 'initializing': conversion from 'float' to 'int', possible loss of data
D:\VisualgoVHAK\VisualgoVHAK\RenderDLL.cpp(1865,36): warning C4244: 'initializing': conversion from 'float' to 'int', possible loss of data
D:\VisualgoVHAK\VisualgoVHAK\RenderDLL.cpp(1866,77): warning C4244: '=': conversion from 'float' to 'int', possible loss of data
D:\VisualgoVHAK\VisualgoVHAK\RenderDLL.cpp(1890,32): warning C4244: 'initializing': conversion from 'float' to 'int', possible loss of data
D:\VisualgoVHAK\VisualgoVHAK\RenderDLL.cpp(1891,32): warning C4244: 'initializing': conversion from 'float' to 'int', possible loss of data
D:\VisualgoVHAK\VisualgoVHAK\RenderDLL.cpp(1892,36): warning C4244: 'initializing': conversion from 'float' to 'int', possible loss of data
D:\VisualgoVHAK\VisualgoVHAK\RenderDLL.cpp(1893,77): warning C4244: '=': conversion from 'float' to 'int', possible loss of data
D:\VisualgoVHAK\VisualgoVHAK\RenderDLL.cpp(1945,24): warning C4244: 'initializing': conversion from 'float' to 'int', possible loss of data
D:\VisualgoVHAK\VisualgoVHAK\RenderDLL.cpp(1946,24): warning C4244: 'initializing': conversion from 'float' to 'int', possible loss of data
D:\VisualgoVHAK\VisualgoVHAK\RenderDLL.cpp(1947,28): warning C4244: 'initializing': conversion from 'float' to 'int', possible loss of data
D:\VisualgoVHAK\VisualgoVHAK\RenderDLL.cpp(1992,28): warning C4244: 'initializing': conversion from 'float' to 'int', possible loss of data
D:\VisualgoVHAK\VisualgoVHAK\RenderDLL.cpp(1993,28): warning C4244: 'initializing': conversion from 'float' to 'int', possible loss of data
D:\VisualgoVHAK\VisualgoVHAK\RenderDLL.cpp(1994,32): warning C4244: 'initializing': conversion from 'float' to 'int', possible loss of data
D:\VisualgoVHAK\VisualgoVHAK\RenderDLL.cpp(2099,28): warning C4244: 'initializing': conversion from 'float' to 'int', possible loss of data
D:\VisualgoVHAK\VisualgoVHAK\RenderDLL.cpp(2100,28): warning C4244: 'initializing': conversion from 'float' to 'int', possible loss of data
D:\VisualgoVHAK\VisualgoVHAK\RenderDLL.cpp(2101,32): warning C4244: 'initializing': conversion from 'float' to 'int', possible loss of data
  Generating code
  2 of 599 functions ( 0.3%) were compiled, the rest were copied from previous compilation.
    0 functions were new in current compilation
    18 functions had inline decision re-evaluated but remain unchanged
  Finished generating code
  VisualgoVHAK.vcxproj -> D:\VisualgoVHAK\x64\Release\VisualgoVHAK.exe
