  RenderSLL.cpp
D:\VisualgoVHAK\VisualgoVHAK\RenderSLL.cpp(51,24): warning C4244: 'initializing': conversion from 'float' to 'int', possible loss of data
D:\VisualgoVHAK\VisualgoVHAK\RenderSLL.cpp(52,24): warning C4244: 'initializing': conversion from 'float' to 'int', possible loss of data
D:\VisualgoVHAK\VisualgoVHAK\RenderSLL.cpp(53,28): warning C4244: 'initializing': conversion from 'float' to 'int', possible loss of data
D:\VisualgoVHAK\VisualgoVHAK\RenderSLL.cpp(95,24): warning C4244: 'initializing': conversion from 'float' to 'int', possible loss of data
D:\VisualgoVHAK\VisualgoVHAK\RenderSLL.cpp(96,24): warning C4244: 'initializing': conversion from 'float' to 'int', possible loss of data
D:\VisualgoVHAK\VisualgoVHAK\RenderSLL.cpp(97,28): warning C4244: 'initializing': conversion from 'float' to 'int', possible loss of data
D:\VisualgoVHAK\VisualgoVHAK\RenderSLL.cpp(115,24): warning C4244: 'initializing': conversion from 'float' to 'int', possible loss of data
D:\VisualgoVHAK\VisualgoVHAK\RenderSLL.cpp(116,24): warning C4244: 'initializing': conversion from 'float' to 'int', possible loss of data
D:\VisualgoVHAK\VisualgoVHAK\RenderSLL.cpp(117,28): warning C4244: 'initializing': conversion from 'float' to 'int', possible loss of data
D:\VisualgoVHAK\VisualgoVHAK\RenderSLL.cpp(136,24): warning C4244: 'initializing': conversion from 'float' to 'int', possible loss of data
D:\VisualgoVHAK\VisualgoVHAK\RenderSLL.cpp(137,24): warning C4244: 'initializing': conversion from 'float' to 'int', possible loss of data
D:\VisualgoVHAK\VisualgoVHAK\RenderSLL.cpp(138,28): warning C4244: 'initializing': conversion from 'float' to 'int', possible loss of data
D:\VisualgoVHAK\VisualgoVHAK\RenderSLL.cpp(143,102): warning C4244: 'argument': conversion from 'float' to 'int', possible loss of data
D:\VisualgoVHAK\VisualgoVHAK\RenderSLL.cpp(143,76): warning C4244: 'argument': conversion from 'float' to 'int', possible loss of data
D:\VisualgoVHAK\VisualgoVHAK\RenderSLL.cpp(143,60): warning C4244: 'argument': conversion from 'float' to 'int', possible loss of data
D:\VisualgoVHAK\VisualgoVHAK\RenderSLL.cpp(236,32): warning C4244: 'initializing': conversion from 'float' to 'int', possible loss of data
D:\VisualgoVHAK\VisualgoVHAK\RenderSLL.cpp(237,32): warning C4244: 'initializing': conversion from 'float' to 'int', possible loss of data
D:\VisualgoVHAK\VisualgoVHAK\RenderSLL.cpp(238,36): warning C4244: 'initializing': conversion from 'float' to 'int', possible loss of data
D:\VisualgoVHAK\VisualgoVHAK\RenderSLL.cpp(258,32): warning C4244: 'initializing': conversion from 'float' to 'int', possible loss of data
D:\VisualgoVHAK\VisualgoVHAK\RenderSLL.cpp(259,32): warning C4244: 'initializing': conversion from 'float' to 'int', possible loss of data
D:\VisualgoVHAK\VisualgoVHAK\RenderSLL.cpp(260,36): warning C4244: 'initializing': conversion from 'float' to 'int', possible loss of data
D:\VisualgoVHAK\VisualgoVHAK\RenderSLL.cpp(284,32): warning C4244: 'initializing': conversion from 'float' to 'int', possible loss of data
D:\VisualgoVHAK\VisualgoVHAK\RenderSLL.cpp(285,32): warning C4244: 'initializing': conversion from 'float' to 'int', possible loss of data
D:\VisualgoVHAK\VisualgoVHAK\RenderSLL.cpp(286,36): warning C4244: 'initializing': conversion from 'float' to 'int', possible loss of data
D:\VisualgoVHAK\VisualgoVHAK\RenderSLL.cpp(294,110): warning C4244: 'argument': conversion from 'float' to 'int', possible loss of data
D:\VisualgoVHAK\VisualgoVHAK\RenderSLL.cpp(294,84): warning C4244: 'argument': conversion from 'float' to 'int', possible loss of data
D:\VisualgoVHAK\VisualgoVHAK\RenderSLL.cpp(294,68): warning C4244: 'argument': conversion from 'float' to 'int', possible loss of data
D:\VisualgoVHAK\VisualgoVHAK\RenderSLL.cpp(312,32): warning C4244: 'initializing': conversion from 'float' to 'int', possible loss of data
D:\VisualgoVHAK\VisualgoVHAK\RenderSLL.cpp(313,32): warning C4244: 'initializing': conversion from 'float' to 'int', possible loss of data
D:\VisualgoVHAK\VisualgoVHAK\RenderSLL.cpp(314,36): warning C4244: 'initializing': conversion from 'float' to 'int', possible loss of data
D:\VisualgoVHAK\VisualgoVHAK\RenderSLL.cpp(322,110): warning C4244: 'argument': conversion from 'float' to 'int', possible loss of data
D:\VisualgoVHAK\VisualgoVHAK\RenderSLL.cpp(322,84): warning C4244: 'argument': conversion from 'float' to 'int', possible loss of data
D:\VisualgoVHAK\VisualgoVHAK\RenderSLL.cpp(322,68): warning C4244: 'argument': conversion from 'float' to 'int', possible loss of data
D:\VisualgoVHAK\VisualgoVHAK\RenderSLL.cpp(368,24): warning C4244: 'initializing': conversion from 'float' to 'int', possible loss of data
D:\VisualgoVHAK\VisualgoVHAK\RenderSLL.cpp(369,24): warning C4244: 'initializing': conversion from 'float' to 'int', possible loss of data
D:\VisualgoVHAK\VisualgoVHAK\RenderSLL.cpp(370,28): warning C4244: 'initializing': conversion from 'float' to 'int', possible loss of data
D:\VisualgoVHAK\VisualgoVHAK\RenderSLL.cpp(391,24): warning C4244: 'initializing': conversion from 'float' to 'int', possible loss of data
D:\VisualgoVHAK\VisualgoVHAK\RenderSLL.cpp(392,24): warning C4244: 'initializing': conversion from 'float' to 'int', possible loss of data
D:\VisualgoVHAK\VisualgoVHAK\RenderSLL.cpp(393,28): warning C4244: 'initializing': conversion from 'float' to 'int', possible loss of data
D:\VisualgoVHAK\VisualgoVHAK\RenderSLL.cpp(398,120): warning C4244: 'argument': conversion from 'float' to 'int', possible loss of data
D:\VisualgoVHAK\VisualgoVHAK\RenderSLL.cpp(398,104): warning C4244: 'argument': conversion from 'float' to 'int', possible loss of data
D:\VisualgoVHAK\VisualgoVHAK\RenderSLL.cpp(398,74): warning C4244: 'argument': conversion from 'float' to 'int', possible loss of data
D:\VisualgoVHAK\VisualgoVHAK\RenderSLL.cpp(405,120): warning C4244: 'argument': conversion from 'float' to 'int', possible loss of data
D:\VisualgoVHAK\VisualgoVHAK\RenderSLL.cpp(405,104): warning C4244: 'argument': conversion from 'float' to 'int', possible loss of data
D:\VisualgoVHAK\VisualgoVHAK\RenderSLL.cpp(405,74): warning C4244: 'argument': conversion from 'float' to 'int', possible loss of data
D:\VisualgoVHAK\VisualgoVHAK\RenderSLL.cpp(419,24): warning C4244: 'initializing': conversion from 'float' to 'int', possible loss of data
D:\VisualgoVHAK\VisualgoVHAK\RenderSLL.cpp(420,24): warning C4244: 'initializing': conversion from 'float' to 'int', possible loss of data
D:\VisualgoVHAK\VisualgoVHAK\RenderSLL.cpp(421,28): warning C4244: 'initializing': conversion from 'float' to 'int', possible loss of data
D:\VisualgoVHAK\VisualgoVHAK\RenderSLL.cpp(425,120): warning C4244: 'argument': conversion from 'float' to 'int', possible loss of data
D:\VisualgoVHAK\VisualgoVHAK\RenderSLL.cpp(425,104): warning C4244: 'argument': conversion from 'float' to 'int', possible loss of data
D:\VisualgoVHAK\VisualgoVHAK\RenderSLL.cpp(425,74): warning C4244: 'argument': conversion from 'float' to 'int', possible loss of data
D:\VisualgoVHAK\VisualgoVHAK\RenderSLL.cpp(524,28): warning C4244: 'initializing': conversion from 'float' to 'int', possible loss of data
D:\VisualgoVHAK\VisualgoVHAK\RenderSLL.cpp(525,28): warning C4244: 'initializing': conversion from 'float' to 'int', possible loss of data
D:\VisualgoVHAK\VisualgoVHAK\RenderSLL.cpp(526,32): warning C4244: 'initializing': conversion from 'float' to 'int', possible loss of data
D:\VisualgoVHAK\VisualgoVHAK\RenderSLL.cpp(543,128): warning C4244: 'argument': conversion from 'float' to 'int', possible loss of data
D:\VisualgoVHAK\VisualgoVHAK\RenderSLL.cpp(543,112): warning C4244: 'argument': conversion from 'float' to 'int', possible loss of data
D:\VisualgoVHAK\VisualgoVHAK\RenderSLL.cpp(543,82): warning C4244: 'argument': conversion from 'float' to 'int', possible loss of data
D:\VisualgoVHAK\VisualgoVHAK\RenderSLL.cpp(554,28): warning C4244: 'initializing': conversion from 'float' to 'int', possible loss of data
D:\VisualgoVHAK\VisualgoVHAK\RenderSLL.cpp(555,28): warning C4244: 'initializing': conversion from 'float' to 'int', possible loss of data
D:\VisualgoVHAK\VisualgoVHAK\RenderSLL.cpp(556,32): warning C4244: 'initializing': conversion from 'float' to 'int', possible loss of data
D:\VisualgoVHAK\VisualgoVHAK\RenderSLL.cpp(573,128): warning C4244: 'argument': conversion from 'float' to 'int', possible loss of data
D:\VisualgoVHAK\VisualgoVHAK\RenderSLL.cpp(573,112): warning C4244: 'argument': conversion from 'float' to 'int', possible loss of data
D:\VisualgoVHAK\VisualgoVHAK\RenderSLL.cpp(573,82): warning C4244: 'argument': conversion from 'float' to 'int', possible loss of data
D:\VisualgoVHAK\VisualgoVHAK\RenderSLL.cpp(584,28): warning C4244: 'initializing': conversion from 'float' to 'int', possible loss of data
D:\VisualgoVHAK\VisualgoVHAK\RenderSLL.cpp(585,28): warning C4244: 'initializing': conversion from 'float' to 'int', possible loss of data
D:\VisualgoVHAK\VisualgoVHAK\RenderSLL.cpp(586,32): warning C4244: 'initializing': conversion from 'float' to 'int', possible loss of data
D:\VisualgoVHAK\VisualgoVHAK\RenderSLL.cpp(639,24): warning C4244: 'initializing': conversion from 'float' to 'int', possible loss of data
D:\VisualgoVHAK\VisualgoVHAK\RenderSLL.cpp(640,24): warning C4244: 'initializing': conversion from 'float' to 'int', possible loss of data
D:\VisualgoVHAK\VisualgoVHAK\RenderSLL.cpp(641,28): warning C4244: 'initializing': conversion from 'float' to 'int', possible loss of data
D:\VisualgoVHAK\VisualgoVHAK\RenderSLL.cpp(677,28): warning C4244: 'initializing': conversion from 'float' to 'int', possible loss of data
D:\VisualgoVHAK\VisualgoVHAK\RenderSLL.cpp(678,28): warning C4244: 'initializing': conversion from 'float' to 'int', possible loss of data
D:\VisualgoVHAK\VisualgoVHAK\RenderSLL.cpp(679,32): warning C4244: 'initializing': conversion from 'float' to 'int', possible loss of data
D:\VisualgoVHAK\VisualgoVHAK\RenderSLL.cpp(697,24): warning C4244: 'initializing': conversion from 'float' to 'int', possible loss of data
D:\VisualgoVHAK\VisualgoVHAK\RenderSLL.cpp(698,24): warning C4244: 'initializing': conversion from 'float' to 'int', possible loss of data
D:\VisualgoVHAK\VisualgoVHAK\RenderSLL.cpp(699,28): warning C4244: 'initializing': conversion from 'float' to 'int', possible loss of data
D:\VisualgoVHAK\VisualgoVHAK\RenderSLL.cpp(720,24): warning C4244: 'initializing': conversion from 'float' to 'int', possible loss of data
D:\VisualgoVHAK\VisualgoVHAK\RenderSLL.cpp(721,24): warning C4244: 'initializing': conversion from 'float' to 'int', possible loss of data
D:\VisualgoVHAK\VisualgoVHAK\RenderSLL.cpp(722,28): warning C4244: 'initializing': conversion from 'float' to 'int', possible loss of data
D:\VisualgoVHAK\VisualgoVHAK\RenderSLL.cpp(727,104): warning C4244: 'argument': conversion from 'float' to 'int', possible loss of data
D:\VisualgoVHAK\VisualgoVHAK\RenderSLL.cpp(727,73): warning C4244: 'argument': conversion from 'float' to 'int', possible loss of data
D:\VisualgoVHAK\VisualgoVHAK\RenderSLL.cpp(727,51): warning C4244: 'argument': conversion from 'float' to 'int', possible loss of data
D:\VisualgoVHAK\VisualgoVHAK\RenderSLL.cpp(729,103): warning C4244: 'argument': conversion from 'float' to 'int', possible loss of data
D:\VisualgoVHAK\VisualgoVHAK\RenderSLL.cpp(729,68): warning C4244: 'argument': conversion from 'float' to 'int', possible loss of data
D:\VisualgoVHAK\VisualgoVHAK\RenderSLL.cpp(729,50): warning C4244: 'argument': conversion from 'float' to 'int', possible loss of data
D:\VisualgoVHAK\VisualgoVHAK\RenderSLL.cpp(730,85): warning C4244: 'argument': conversion from 'float' to 'int', possible loss of data
D:\VisualgoVHAK\VisualgoVHAK\RenderSLL.cpp(730,69): warning C4244: 'argument': conversion from 'float' to 'int', possible loss of data
D:\VisualgoVHAK\VisualgoVHAK\RenderSLL.cpp(730,57): warning C4244: 'argument': conversion from 'float' to 'int', possible loss of data
D:\VisualgoVHAK\VisualgoVHAK\RenderSLL.cpp(830,28): warning C4244: 'initializing': conversion from 'float' to 'int', possible loss of data
D:\VisualgoVHAK\VisualgoVHAK\RenderSLL.cpp(831,28): warning C4244: 'initializing': conversion from 'float' to 'int', possible loss of data
D:\VisualgoVHAK\VisualgoVHAK\RenderSLL.cpp(832,32): warning C4244: 'initializing': conversion from 'float' to 'int', possible loss of data
D:\VisualgoVHAK\VisualgoVHAK\RenderSLL.cpp(856,32): warning C4244: 'initializing': conversion from 'float' to 'int', possible loss of data
D:\VisualgoVHAK\VisualgoVHAK\RenderSLL.cpp(857,32): warning C4244: 'initializing': conversion from 'float' to 'int', possible loss of data
D:\VisualgoVHAK\VisualgoVHAK\RenderSLL.cpp(858,36): warning C4244: 'initializing': conversion from 'float' to 'int', possible loss of data
D:\VisualgoVHAK\VisualgoVHAK\RenderSLL.cpp(885,32): warning C4244: 'initializing': conversion from 'float' to 'int', possible loss of data
D:\VisualgoVHAK\VisualgoVHAK\RenderSLL.cpp(886,32): warning C4244: 'initializing': conversion from 'float' to 'int', possible loss of data
D:\VisualgoVHAK\VisualgoVHAK\RenderSLL.cpp(887,36): warning C4244: 'initializing': conversion from 'float' to 'int', possible loss of data
D:\VisualgoVHAK\VisualgoVHAK\RenderSLL.cpp(892,112): warning C4244: 'argument': conversion from 'float' to 'int', possible loss of data
D:\VisualgoVHAK\VisualgoVHAK\RenderSLL.cpp(892,81): warning C4244: 'argument': conversion from 'float' to 'int', possible loss of data
D:\VisualgoVHAK\VisualgoVHAK\RenderSLL.cpp(892,59): warning C4244: 'argument': conversion from 'float' to 'int', possible loss of data
D:\VisualgoVHAK\VisualgoVHAK\RenderSLL.cpp(894,111): warning C4244: 'argument': conversion from 'float' to 'int', possible loss of data
D:\VisualgoVHAK\VisualgoVHAK\RenderSLL.cpp(894,76): warning C4244: 'argument': conversion from 'float' to 'int', possible loss of data
D:\VisualgoVHAK\VisualgoVHAK\RenderSLL.cpp(894,58): warning C4244: 'argument': conversion from 'float' to 'int', possible loss of data
D:\VisualgoVHAK\VisualgoVHAK\RenderSLL.cpp(895,93): warning C4244: 'argument': conversion from 'float' to 'int', possible loss of data
D:\VisualgoVHAK\VisualgoVHAK\RenderSLL.cpp(895,77): warning C4244: 'argument': conversion from 'float' to 'int', possible loss of data
D:\VisualgoVHAK\VisualgoVHAK\RenderSLL.cpp(895,65): warning C4244: 'argument': conversion from 'float' to 'int', possible loss of data
D:\VisualgoVHAK\VisualgoVHAK\RenderSLL.cpp(939,24): warning C4244: 'initializing': conversion from 'float' to 'int', possible loss of data
D:\VisualgoVHAK\VisualgoVHAK\RenderSLL.cpp(940,24): warning C4244: 'initializing': conversion from 'float' to 'int', possible loss of data
D:\VisualgoVHAK\VisualgoVHAK\RenderSLL.cpp(941,28): warning C4244: 'initializing': conversion from 'float' to 'int', possible loss of data
D:\VisualgoVHAK\VisualgoVHAK\RenderSLL.cpp(972,28): warning C4244: 'initializing': conversion from 'float' to 'int', possible loss of data
D:\VisualgoVHAK\VisualgoVHAK\RenderSLL.cpp(973,28): warning C4244: 'initializing': conversion from 'float' to 'int', possible loss of data
D:\VisualgoVHAK\VisualgoVHAK\RenderSLL.cpp(974,32): warning C4244: 'initializing': conversion from 'float' to 'int', possible loss of data
D:\VisualgoVHAK\VisualgoVHAK\RenderSLL.cpp(991,24): warning C4244: 'initializing': conversion from 'float' to 'int', possible loss of data
D:\VisualgoVHAK\VisualgoVHAK\RenderSLL.cpp(992,24): warning C4244: 'initializing': conversion from 'float' to 'int', possible loss of data
D:\VisualgoVHAK\VisualgoVHAK\RenderSLL.cpp(993,28): warning C4244: 'initializing': conversion from 'float' to 'int', possible loss of data
D:\VisualgoVHAK\VisualgoVHAK\RenderSLL.cpp(1099,28): warning C4244: 'initializing': conversion from 'float' to 'int', possible loss of data
D:\VisualgoVHAK\VisualgoVHAK\RenderSLL.cpp(1100,28): warning C4244: 'initializing': conversion from 'float' to 'int', possible loss of data
D:\VisualgoVHAK\VisualgoVHAK\RenderSLL.cpp(1101,32): warning C4244: 'initializing': conversion from 'float' to 'int', possible loss of data
D:\VisualgoVHAK\VisualgoVHAK\RenderSLL.cpp(1124,32): warning C4244: 'initializing': conversion from 'float' to 'int', possible loss of data
D:\VisualgoVHAK\VisualgoVHAK\RenderSLL.cpp(1125,32): warning C4244: 'initializing': conversion from 'float' to 'int', possible loss of data
D:\VisualgoVHAK\VisualgoVHAK\RenderSLL.cpp(1126,36): warning C4244: 'initializing': conversion from 'float' to 'int', possible loss of data
D:\VisualgoVHAK\VisualgoVHAK\RenderSLL.cpp(1180,24): warning C4244: 'initializing': conversion from 'float' to 'int', possible loss of data
D:\VisualgoVHAK\VisualgoVHAK\RenderSLL.cpp(1181,24): warning C4244: 'initializing': conversion from 'float' to 'int', possible loss of data
D:\VisualgoVHAK\VisualgoVHAK\RenderSLL.cpp(1182,28): warning C4244: 'initializing': conversion from 'float' to 'int', possible loss of data
D:\VisualgoVHAK\VisualgoVHAK\RenderSLL.cpp(1202,24): warning C4244: 'initializing': conversion from 'float' to 'int', possible loss of data
D:\VisualgoVHAK\VisualgoVHAK\RenderSLL.cpp(1203,24): warning C4244: 'initializing': conversion from 'float' to 'int', possible loss of data
D:\VisualgoVHAK\VisualgoVHAK\RenderSLL.cpp(1204,28): warning C4244: 'initializing': conversion from 'float' to 'int', possible loss of data
D:\VisualgoVHAK\VisualgoVHAK\RenderSLL.cpp(1225,24): warning C4244: 'initializing': conversion from 'float' to 'int', possible loss of data
D:\VisualgoVHAK\VisualgoVHAK\RenderSLL.cpp(1226,24): warning C4244: 'initializing': conversion from 'float' to 'int', possible loss of data
D:\VisualgoVHAK\VisualgoVHAK\RenderSLL.cpp(1227,28): warning C4244: 'initializing': conversion from 'float' to 'int', possible loss of data
D:\VisualgoVHAK\VisualgoVHAK\RenderSLL.cpp(1333,32): warning C4244: 'initializing': conversion from 'float' to 'int', possible loss of data
D:\VisualgoVHAK\VisualgoVHAK\RenderSLL.cpp(1334,32): warning C4244: 'initializing': conversion from 'float' to 'int', possible loss of data
D:\VisualgoVHAK\VisualgoVHAK\RenderSLL.cpp(1335,36): warning C4244: 'initializing': conversion from 'float' to 'int', possible loss of data
D:\VisualgoVHAK\VisualgoVHAK\RenderSLL.cpp(1360,32): warning C4244: 'initializing': conversion from 'float' to 'int', possible loss of data
D:\VisualgoVHAK\VisualgoVHAK\RenderSLL.cpp(1361,32): warning C4244: 'initializing': conversion from 'float' to 'int', possible loss of data
D:\VisualgoVHAK\VisualgoVHAK\RenderSLL.cpp(1362,36): warning C4244: 'initializing': conversion from 'float' to 'int', possible loss of data
D:\VisualgoVHAK\VisualgoVHAK\RenderSLL.cpp(1387,32): warning C4244: 'initializing': conversion from 'float' to 'int', possible loss of data
D:\VisualgoVHAK\VisualgoVHAK\RenderSLL.cpp(1388,32): warning C4244: 'initializing': conversion from 'float' to 'int', possible loss of data
D:\VisualgoVHAK\VisualgoVHAK\RenderSLL.cpp(1389,36): warning C4244: 'initializing': conversion from 'float' to 'int', possible loss of data
D:\VisualgoVHAK\VisualgoVHAK\RenderSLL.cpp(1447,24): warning C4244: 'initializing': conversion from 'float' to 'int', possible loss of data
D:\VisualgoVHAK\VisualgoVHAK\RenderSLL.cpp(1448,24): warning C4244: 'initializing': conversion from 'float' to 'int', possible loss of data
D:\VisualgoVHAK\VisualgoVHAK\RenderSLL.cpp(1449,28): warning C4244: 'initializing': conversion from 'float' to 'int', possible loss of data
D:\VisualgoVHAK\VisualgoVHAK\RenderSLL.cpp(1484,28): warning C4244: 'initializing': conversion from 'float' to 'int', possible loss of data
D:\VisualgoVHAK\VisualgoVHAK\RenderSLL.cpp(1485,28): warning C4244: 'initializing': conversion from 'float' to 'int', possible loss of data
D:\VisualgoVHAK\VisualgoVHAK\RenderSLL.cpp(1486,32): warning C4244: 'initializing': conversion from 'float' to 'int', possible loss of data
D:\VisualgoVHAK\VisualgoVHAK\RenderSLL.cpp(1504,24): warning C4244: 'initializing': conversion from 'float' to 'int', possible loss of data
D:\VisualgoVHAK\VisualgoVHAK\RenderSLL.cpp(1505,24): warning C4244: 'initializing': conversion from 'float' to 'int', possible loss of data
D:\VisualgoVHAK\VisualgoVHAK\RenderSLL.cpp(1506,28): warning C4244: 'initializing': conversion from 'float' to 'int', possible loss of data
D:\VisualgoVHAK\VisualgoVHAK\RenderSLL.cpp(1523,24): warning C4244: 'initializing': conversion from 'float' to 'int', possible loss of data
D:\VisualgoVHAK\VisualgoVHAK\RenderSLL.cpp(1524,24): warning C4244: 'initializing': conversion from 'float' to 'int', possible loss of data
D:\VisualgoVHAK\VisualgoVHAK\RenderSLL.cpp(1525,28): warning C4244: 'initializing': conversion from 'float' to 'int', possible loss of data
D:\VisualgoVHAK\VisualgoVHAK\RenderSLL.cpp(1547,24): warning C4244: 'initializing': conversion from 'float' to 'int', possible loss of data
D:\VisualgoVHAK\VisualgoVHAK\RenderSLL.cpp(1548,24): warning C4244: 'initializing': conversion from 'float' to 'int', possible loss of data
D:\VisualgoVHAK\VisualgoVHAK\RenderSLL.cpp(1549,28): warning C4244: 'initializing': conversion from 'float' to 'int', possible loss of data
D:\VisualgoVHAK\VisualgoVHAK\RenderSLL.cpp(1599,24): warning C4244: 'initializing': conversion from 'float' to 'int', possible loss of data
D:\VisualgoVHAK\VisualgoVHAK\RenderSLL.cpp(1600,24): warning C4244: 'initializing': conversion from 'float' to 'int', possible loss of data
D:\VisualgoVHAK\VisualgoVHAK\RenderSLL.cpp(1601,28): warning C4244: 'initializing': conversion from 'float' to 'int', possible loss of data
D:\VisualgoVHAK\VisualgoVHAK\RenderSLL.cpp(1641,52): warning C4267: '=': conversion from 'size_t' to 'int', possible loss of data
D:\VisualgoVHAK\VisualgoVHAK\RenderSLL.cpp(1667,28): warning C4244: 'initializing': conversion from 'float' to 'int', possible loss of data
D:\VisualgoVHAK\VisualgoVHAK\RenderSLL.cpp(1668,28): warning C4244: 'initializing': conversion from 'float' to 'int', possible loss of data
D:\VisualgoVHAK\VisualgoVHAK\RenderSLL.cpp(1669,32): warning C4244: 'initializing': conversion from 'float' to 'int', possible loss of data
D:\VisualgoVHAK\VisualgoVHAK\RenderSLL.cpp(1690,28): warning C4244: 'initializing': conversion from 'float' to 'int', possible loss of data
D:\VisualgoVHAK\VisualgoVHAK\RenderSLL.cpp(1691,28): warning C4244: 'initializing': conversion from 'float' to 'int', possible loss of data
D:\VisualgoVHAK\VisualgoVHAK\RenderSLL.cpp(1692,32): warning C4244: 'initializing': conversion from 'float' to 'int', possible loss of data
D:\VisualgoVHAK\VisualgoVHAK\RenderSLL.cpp(1714,28): warning C4244: 'initializing': conversion from 'float' to 'int', possible loss of data
D:\VisualgoVHAK\VisualgoVHAK\RenderSLL.cpp(1715,28): warning C4244: 'initializing': conversion from 'float' to 'int', possible loss of data
D:\VisualgoVHAK\VisualgoVHAK\RenderSLL.cpp(1716,32): warning C4244: 'initializing': conversion from 'float' to 'int', possible loss of data
D:\VisualgoVHAK\VisualgoVHAK\RenderSLL.cpp(1740,28): warning C4244: 'initializing': conversion from 'float' to 'int', possible loss of data
D:\VisualgoVHAK\VisualgoVHAK\RenderSLL.cpp(1741,28): warning C4244: 'initializing': conversion from 'float' to 'int', possible loss of data
D:\VisualgoVHAK\VisualgoVHAK\RenderSLL.cpp(1742,32): warning C4244: 'initializing': conversion from 'float' to 'int', possible loss of data
D:\VisualgoVHAK\VisualgoVHAK\RenderSLL.cpp(1791,24): warning C4244: 'initializing': conversion from 'float' to 'int', possible loss of data
D:\VisualgoVHAK\VisualgoVHAK\RenderSLL.cpp(1792,24): warning C4244: 'initializing': conversion from 'float' to 'int', possible loss of data
D:\VisualgoVHAK\VisualgoVHAK\RenderSLL.cpp(1793,28): warning C4244: 'initializing': conversion from 'float' to 'int', possible loss of data
D:\VisualgoVHAK\VisualgoVHAK\RenderSLL.cpp(1833,28): warning C4244: 'initializing': conversion from 'float' to 'int', possible loss of data
D:\VisualgoVHAK\VisualgoVHAK\RenderSLL.cpp(1834,28): warning C4244: 'initializing': conversion from 'float' to 'int', possible loss of data
D:\VisualgoVHAK\VisualgoVHAK\RenderSLL.cpp(1835,32): warning C4244: 'initializing': conversion from 'float' to 'int', possible loss of data
D:\VisualgoVHAK\VisualgoVHAK\RenderSLL.cpp(1853,24): warning C4244: 'initializing': conversion from 'float' to 'int', possible loss of data
D:\VisualgoVHAK\VisualgoVHAK\RenderSLL.cpp(1854,24): warning C4244: 'initializing': conversion from 'float' to 'int', possible loss of data
D:\VisualgoVHAK\VisualgoVHAK\RenderSLL.cpp(1855,28): warning C4244: 'initializing': conversion from 'float' to 'int', possible loss of data
D:\VisualgoVHAK\VisualgoVHAK\RenderSLL.cpp(1877,24): warning C4244: 'initializing': conversion from 'float' to 'int', possible loss of data
D:\VisualgoVHAK\VisualgoVHAK\RenderSLL.cpp(1878,24): warning C4244: 'initializing': conversion from 'float' to 'int', possible loss of data
D:\VisualgoVHAK\VisualgoVHAK\RenderSLL.cpp(1879,28): warning C4244: 'initializing': conversion from 'float' to 'int', possible loss of data
D:\VisualgoVHAK\VisualgoVHAK\RenderSLL.cpp(1880,69): warning C4244: '=': conversion from 'float' to 'int', possible loss of data
D:\VisualgoVHAK\VisualgoVHAK\RenderSLL.cpp(1984,28): warning C4244: 'initializing': conversion from 'float' to 'int', possible loss of data
D:\VisualgoVHAK\VisualgoVHAK\RenderSLL.cpp(1985,28): warning C4244: 'initializing': conversion from 'float' to 'int', possible loss of data
D:\VisualgoVHAK\VisualgoVHAK\RenderSLL.cpp(1986,32): warning C4244: 'initializing': conversion from 'float' to 'int', possible loss of data
D:\VisualgoVHAK\VisualgoVHAK\RenderSLL.cpp(2006,32): warning C4244: 'initializing': conversion from 'float' to 'int', possible loss of data
D:\VisualgoVHAK\VisualgoVHAK\RenderSLL.cpp(2007,32): warning C4244: 'initializing': conversion from 'float' to 'int', possible loss of data
D:\VisualgoVHAK\VisualgoVHAK\RenderSLL.cpp(2008,36): warning C4244: 'initializing': conversion from 'float' to 'int', possible loss of data
D:\VisualgoVHAK\VisualgoVHAK\RenderSLL.cpp(2009,77): warning C4244: '=': conversion from 'float' to 'int', possible loss of data
D:\VisualgoVHAK\VisualgoVHAK\RenderSLL.cpp(2033,32): warning C4244: 'initializing': conversion from 'float' to 'int', possible loss of data
D:\VisualgoVHAK\VisualgoVHAK\RenderSLL.cpp(2034,32): warning C4244: 'initializing': conversion from 'float' to 'int', possible loss of data
D:\VisualgoVHAK\VisualgoVHAK\RenderSLL.cpp(2035,36): warning C4244: 'initializing': conversion from 'float' to 'int', possible loss of data
D:\VisualgoVHAK\VisualgoVHAK\RenderSLL.cpp(2036,77): warning C4244: '=': conversion from 'float' to 'int', possible loss of data
D:\VisualgoVHAK\VisualgoVHAK\RenderSLL.cpp(2089,24): warning C4244: 'initializing': conversion from 'float' to 'int', possible loss of data
D:\VisualgoVHAK\VisualgoVHAK\RenderSLL.cpp(2090,24): warning C4244: 'initializing': conversion from 'float' to 'int', possible loss of data
D:\VisualgoVHAK\VisualgoVHAK\RenderSLL.cpp(2091,28): warning C4244: 'initializing': conversion from 'float' to 'int', possible loss of data
D:\VisualgoVHAK\VisualgoVHAK\RenderSLL.cpp(2136,28): warning C4244: 'initializing': conversion from 'float' to 'int', possible loss of data
D:\VisualgoVHAK\VisualgoVHAK\RenderSLL.cpp(2137,28): warning C4244: 'initializing': conversion from 'float' to 'int', possible loss of data
D:\VisualgoVHAK\VisualgoVHAK\RenderSLL.cpp(2138,32): warning C4244: 'initializing': conversion from 'float' to 'int', possible loss of data
D:\VisualgoVHAK\VisualgoVHAK\RenderSLL.cpp(2215,52): warning C4267: '=': conversion from 'size_t' to 'int', possible loss of data
D:\VisualgoVHAK\VisualgoVHAK\RenderSLL.cpp(2250,28): warning C4244: 'initializing': conversion from 'float' to 'int', possible loss of data
D:\VisualgoVHAK\VisualgoVHAK\RenderSLL.cpp(2251,28): warning C4244: 'initializing': conversion from 'float' to 'int', possible loss of data
D:\VisualgoVHAK\VisualgoVHAK\RenderSLL.cpp(2252,32): warning C4244: 'initializing': conversion from 'float' to 'int', possible loss of data
  Generating code
  1 of 599 functions ( 0.2%) were compiled, the rest were copied from previous compilation.
    0 functions were new in current compilation
    24 functions had inline decision re-evaluated but remain unchanged
  Finished generating code
  VisualgoVHAK.vcxproj -> D:\VisualgoVHAK\x64\Release\VisualgoVHAK.exe
